ARM GAS  D:\Windows\AppData\Local\Temp\cctCKL3l.s 			page 1


   1              		.syntax unified
   2              		.cpu cortex-m3
   3              		.fpu softvfp
   4              		.eabi_attribute 20, 1
   5              		.eabi_attribute 21, 1
   6              		.eabi_attribute 23, 3
   7              		.eabi_attribute 24, 1
   8              		.eabi_attribute 25, 1
   9              		.eabi_attribute 26, 1
  10              		.eabi_attribute 30, 1
  11              		.eabi_attribute 34, 1
  12              		.eabi_attribute 18, 4
  13              		.thumb
  14              		.file	"can_manager.c"
  15              		.text
  16              	.Ltext0:
  17              		.cfi_sections	.debug_frame
  18              		.section	.text.can_test_send,"ax",%progbits
  19              		.align	2
  20              		.global	can_test_send
  21              		.thumb
  22              		.thumb_func
  23              		.type	can_test_send, %function
  24              	can_test_send:
  25              	.LFB63:
  26              		.file 1 "can_manager.c"
   1:can_manager.c **** #include "can_manager.h"
   2:can_manager.c **** 
   3:can_manager.c **** 
   4:can_manager.c **** void can_test_send() {
  27              		.loc 1 4 0
  28              		.cfi_startproc
  29              		@ args = 0, pretend = 0, frame = 24
  30              		@ frame_needed = 0, uses_anonymous_args = 0
  31 0000 00B5     		push	{lr}
  32              		.cfi_def_cfa_offset 4
  33              		.cfi_offset 14, -4
  34 0002 87B0     		sub	sp, sp, #28
  35              		.cfi_def_cfa_offset 32
   5:can_manager.c **** 	uint8_t i;
   6:can_manager.c **** 	CAN_1_TX_MSG message;
   7:can_manager.c **** 	CAN_1_DATA_BYTES_MSG test_data;
   8:can_manager.c **** 
   9:can_manager.c **** 	message.id = 0x100;
  36              		.loc 1 9 0
  37 0004 4FF48073 		mov	r3, #256
  38 0008 0393     		str	r3, [sp, #12]
  10:can_manager.c **** 	message.rtr = 0;
  39              		.loc 1 10 0
  40 000a 0023     		movs	r3, #0
  41 000c 8DF81030 		strb	r3, [sp, #16]
  11:can_manager.c **** 	message.ide = 0;
  42              		.loc 1 11 0
  43 0010 8DF81130 		strb	r3, [sp, #17]
  12:can_manager.c **** 	message.dlc = 0x08;
  44              		.loc 1 12 0
  45 0014 0822     		movs	r2, #8
ARM GAS  D:\Windows\AppData\Local\Temp\cctCKL3l.s 			page 2


  46 0016 8DF81220 		strb	r2, [sp, #18]
  13:can_manager.c **** 	message.irq = 1;
  47              		.loc 1 13 0
  48 001a 0122     		movs	r2, #1
  49 001c 8DF81320 		strb	r2, [sp, #19]
  14:can_manager.c **** 	message.msg = &test_data;
  50              		.loc 1 14 0
  51 0020 01AA     		add	r2, sp, #4
  52 0022 0592     		str	r2, [sp, #20]
  53              	.LVL0:
  15:can_manager.c **** 
  16:can_manager.c **** 	for(i=0;i<8;i++)
  54              		.loc 1 16 0
  55 0024 06E0     		b	.L2
  56              	.LVL1:
  57              	.L3:
  17:can_manager.c **** 		test_data.byte[i] = 2;
  58              		.loc 1 17 0 discriminator 3
  59 0026 06AA     		add	r2, sp, #24
  60 0028 1A44     		add	r2, r2, r3
  61 002a 0221     		movs	r1, #2
  62 002c 02F8141C 		strb	r1, [r2, #-20]
  16:can_manager.c **** 		test_data.byte[i] = 2;
  63              		.loc 1 16 0 discriminator 3
  64 0030 0133     		adds	r3, r3, #1
  65              	.LVL2:
  66 0032 DBB2     		uxtb	r3, r3
  67              	.LVL3:
  68              	.L2:
  16:can_manager.c **** 		test_data.byte[i] = 2;
  69              		.loc 1 16 0 is_stmt 0 discriminator 1
  70 0034 072B     		cmp	r3, #7
  71 0036 F6D9     		bls	.L3
  18:can_manager.c **** 
  19:can_manager.c **** 	CAN_1_SendMsg(&message);
  72              		.loc 1 19 0 is_stmt 1
  73 0038 03A8     		add	r0, sp, #12
  74 003a FFF7FEFF 		bl	CAN_1_SendMsg
  75              	.LVL4:
  20:can_manager.c **** } // can_test_send()
  76              		.loc 1 20 0
  77 003e 07B0     		add	sp, sp, #28
  78              		.cfi_def_cfa_offset 4
  79              		@ sp needed
  80 0040 5DF804FB 		ldr	pc, [sp], #4
  81              		.cfi_endproc
  82              	.LFE63:
  83              		.size	can_test_send, .-can_test_send
  84              		.section	.text.can_test_receive,"ax",%progbits
  85              		.align	2
  86              		.global	can_test_receive
  87              		.thumb
  88              		.thumb_func
  89              		.type	can_test_receive, %function
  90              	can_test_receive:
  91              	.LFB64:
  21:can_manager.c **** 
ARM GAS  D:\Windows\AppData\Local\Temp\cctCKL3l.s 			page 3


  22:can_manager.c **** 
  23:can_manager.c **** void can_test_receive() {
  92              		.loc 1 23 0
  93              		.cfi_startproc
  94              		@ args = 0, pretend = 0, frame = 0
  95              		@ frame_needed = 0, uses_anonymous_args = 0
  96              		@ link register save eliminated.
  97              	.LVL5:
  24:can_manager.c **** 	DataPacket test_msg;
  25:can_manager.c ****     uint8 i;
  26:can_manager.c **** 	
  27:can_manager.c ****     //test packets
  28:can_manager.c ****     for(i=100; i<115; i++) { 
  98              		.loc 1 28 0
  99 0000 6423     		movs	r3, #100
 100 0002 01E0     		b	.L6
 101              	.LVL6:
 102              	.L7:
 103              		.loc 1 28 0 is_stmt 0 discriminator 3
 104 0004 0133     		adds	r3, r3, #1
 105              	.LVL7:
 106 0006 DBB2     		uxtb	r3, r3
 107              	.LVL8:
 108              	.L6:
 109              		.loc 1 28 0 discriminator 1
 110 0008 722B     		cmp	r3, #114
 111 000a FBD9     		bls	.L7
  29:can_manager.c **** 		//test_msg.millicounter = millis_timer_ReadCounter();    
  30:can_manager.c **** 		test_msg.id = 0x0923;
  31:can_manager.c **** 		test_msg.length = 8;
  32:can_manager.c **** 		test_msg.data[0]= 1;
  33:can_manager.c **** 		test_msg.data[1]= 2;
  34:can_manager.c **** 		test_msg.data[2]= 3;
  35:can_manager.c **** 		test_msg.data[3]= 4;
  36:can_manager.c **** 		test_msg.data[4]= 5;
  37:can_manager.c **** 		test_msg.data[5]= 6;
  38:can_manager.c **** 		test_msg.data[6]= 7;
  39:can_manager.c ****         test_msg.data[7]= 8;
  40:can_manager.c **** 		
  41:can_manager.c **** 		//msg_recieve(&test_msg);
  42:can_manager.c ****     } //for
  43:can_manager.c **** }
 112              		.loc 1 43 0 is_stmt 1
 113 000c 7047     		bx	lr
 114              		.cfi_endproc
 115              	.LFE64:
 116              		.size	can_test_receive, .-can_test_receive
 117 000e 00BF     		.text
 118              	.Letext0:
 119              		.file 2 "d:\\programming\\cypress\\psoc creator\\4.0\\psoc creator\\import\\gnu\\arm\\4.9.3\\arm-n
 120              		.file 3 "d:\\programming\\cypress\\psoc creator\\4.0\\psoc creator\\import\\gnu\\arm\\4.9.3\\arm-n
 121              		.file 4 "Generated_Source\\PSoC5/cytypes.h"
 122              		.file 5 "Generated_Source\\PSoC5/CAN_1.h"
 123              		.file 6 "data.h"
 124              		.file 7 "Generated_Source\\PSoC5/core_cm3.h"
 125              		.section	.debug_info,"",%progbits
 126              	.Ldebug_info0:
ARM GAS  D:\Windows\AppData\Local\Temp\cctCKL3l.s 			page 4


 127 0000 87020000 		.4byte	0x287
 128 0004 0400     		.2byte	0x4
 129 0006 00000000 		.4byte	.Ldebug_abbrev0
 130 000a 04       		.byte	0x4
 131 000b 01       		.uleb128 0x1
 132 000c FA000000 		.4byte	.LASF34
 133 0010 01       		.byte	0x1
 134 0011 6F020000 		.4byte	.LASF35
 135 0015 C8010000 		.4byte	.LASF36
 136 0019 00000000 		.4byte	.Ldebug_ranges0+0
 137 001d 00000000 		.4byte	0
 138 0021 00000000 		.4byte	.Ldebug_line0
 139 0025 02       		.uleb128 0x2
 140 0026 01       		.byte	0x1
 141 0027 06       		.byte	0x6
 142 0028 5C020000 		.4byte	.LASF0
 143 002c 03       		.uleb128 0x3
 144 002d 08000000 		.4byte	.LASF3
 145 0031 02       		.byte	0x2
 146 0032 1D       		.byte	0x1d
 147 0033 37000000 		.4byte	0x37
 148 0037 02       		.uleb128 0x2
 149 0038 01       		.byte	0x1
 150 0039 08       		.byte	0x8
 151 003a 8F000000 		.4byte	.LASF1
 152 003e 02       		.uleb128 0x2
 153 003f 02       		.byte	0x2
 154 0040 05       		.byte	0x5
 155 0041 E9000000 		.4byte	.LASF2
 156 0045 03       		.uleb128 0x3
 157 0046 D7000000 		.4byte	.LASF4
 158 004a 02       		.byte	0x2
 159 004b 2B       		.byte	0x2b
 160 004c 50000000 		.4byte	0x50
 161 0050 02       		.uleb128 0x2
 162 0051 02       		.byte	0x2
 163 0052 07       		.byte	0x7
 164 0053 40000000 		.4byte	.LASF5
 165 0057 03       		.uleb128 0x3
 166 0058 20000000 		.4byte	.LASF6
 167 005c 02       		.byte	0x2
 168 005d 3F       		.byte	0x3f
 169 005e 62000000 		.4byte	0x62
 170 0062 02       		.uleb128 0x2
 171 0063 04       		.byte	0x4
 172 0064 05       		.byte	0x5
 173 0065 2A000000 		.4byte	.LASF7
 174 0069 03       		.uleb128 0x3
 175 006a 73000000 		.4byte	.LASF8
 176 006e 02       		.byte	0x2
 177 006f 41       		.byte	0x41
 178 0070 74000000 		.4byte	0x74
 179 0074 02       		.uleb128 0x2
 180 0075 04       		.byte	0x4
 181 0076 07       		.byte	0x7
 182 0077 AE000000 		.4byte	.LASF9
 183 007b 02       		.uleb128 0x2
ARM GAS  D:\Windows\AppData\Local\Temp\cctCKL3l.s 			page 5


 184 007c 08       		.byte	0x8
 185 007d 05       		.byte	0x5
 186 007e 22020000 		.4byte	.LASF10
 187 0082 02       		.uleb128 0x2
 188 0083 08       		.byte	0x8
 189 0084 07       		.byte	0x7
 190 0085 A9010000 		.4byte	.LASF11
 191 0089 04       		.uleb128 0x4
 192 008a 04       		.byte	0x4
 193 008b 05       		.byte	0x5
 194 008c 696E7400 		.ascii	"int\000"
 195 0090 02       		.uleb128 0x2
 196 0091 04       		.byte	0x4
 197 0092 07       		.byte	0x7
 198 0093 91010000 		.4byte	.LASF12
 199 0097 03       		.uleb128 0x3
 200 0098 C0010000 		.4byte	.LASF13
 201 009c 03       		.byte	0x3
 202 009d 15       		.byte	0x15
 203 009e 2C000000 		.4byte	0x2c
 204 00a2 03       		.uleb128 0x3
 205 00a3 4A020000 		.4byte	.LASF14
 206 00a7 03       		.byte	0x3
 207 00a8 21       		.byte	0x21
 208 00a9 45000000 		.4byte	0x45
 209 00ad 03       		.uleb128 0x3
 210 00ae 11020000 		.4byte	.LASF15
 211 00b2 03       		.byte	0x3
 212 00b3 2C       		.byte	0x2c
 213 00b4 57000000 		.4byte	0x57
 214 00b8 03       		.uleb128 0x3
 215 00b9 53020000 		.4byte	.LASF16
 216 00bd 03       		.byte	0x3
 217 00be 2D       		.byte	0x2d
 218 00bf 69000000 		.4byte	0x69
 219 00c3 05       		.uleb128 0x5
 220 00c4 89000000 		.4byte	.LASF17
 221 00c8 04       		.byte	0x4
 222 00c9 9201     		.2byte	0x192
 223 00cb 37000000 		.4byte	0x37
 224 00cf 05       		.uleb128 0x5
 225 00d0 F3000000 		.4byte	.LASF18
 226 00d4 04       		.byte	0x4
 227 00d5 9401     		.2byte	0x194
 228 00d7 74000000 		.4byte	0x74
 229 00db 02       		.uleb128 0x2
 230 00dc 04       		.byte	0x4
 231 00dd 04       		.byte	0x4
 232 00de 7E000000 		.4byte	.LASF19
 233 00e2 02       		.uleb128 0x2
 234 00e3 08       		.byte	0x8
 235 00e4 04       		.byte	0x4
 236 00e5 E2000000 		.4byte	.LASF20
 237 00e9 02       		.uleb128 0x2
 238 00ea 01       		.byte	0x1
 239 00eb 08       		.byte	0x8
 240 00ec 30020000 		.4byte	.LASF21
ARM GAS  D:\Windows\AppData\Local\Temp\cctCKL3l.s 			page 6


 241 00f0 02       		.uleb128 0x2
 242 00f1 04       		.byte	0x4
 243 00f2 07       		.byte	0x7
 244 00f3 19020000 		.4byte	.LASF22
 245 00f7 06       		.uleb128 0x6
 246 00f8 08       		.byte	0x8
 247 00f9 05       		.byte	0x5
 248 00fa 6F       		.byte	0x6f
 249 00fb 0C010000 		.4byte	0x10c
 250 00ff 07       		.uleb128 0x7
 251 0100 61000000 		.4byte	.LASF24
 252 0104 05       		.byte	0x5
 253 0105 71       		.byte	0x71
 254 0106 0C010000 		.4byte	0x10c
 255 010a 00       		.byte	0
 256 010b 00       		.byte	0
 257 010c 08       		.uleb128 0x8
 258 010d C3000000 		.4byte	0xc3
 259 0111 1C010000 		.4byte	0x11c
 260 0115 09       		.uleb128 0x9
 261 0116 F0000000 		.4byte	0xf0
 262 011a 07       		.byte	0x7
 263 011b 00       		.byte	0
 264 011c 03       		.uleb128 0x3
 265 011d 35020000 		.4byte	.LASF23
 266 0121 05       		.byte	0x5
 267 0122 72       		.byte	0x72
 268 0123 F7000000 		.4byte	0xf7
 269 0127 06       		.uleb128 0x6
 270 0128 0C       		.byte	0xc
 271 0129 05       		.byte	0x5
 272 012a 81       		.byte	0x81
 273 012b 77010000 		.4byte	0x177
 274 012f 0A       		.uleb128 0xa
 275 0130 696400   		.ascii	"id\000"
 276 0133 05       		.byte	0x5
 277 0134 83       		.byte	0x83
 278 0135 CF000000 		.4byte	0xcf
 279 0139 00       		.byte	0
 280 013a 0A       		.uleb128 0xa
 281 013b 72747200 		.ascii	"rtr\000"
 282 013f 05       		.byte	0x5
 283 0140 84       		.byte	0x84
 284 0141 C3000000 		.4byte	0xc3
 285 0145 04       		.byte	0x4
 286 0146 0A       		.uleb128 0xa
 287 0147 69646500 		.ascii	"ide\000"
 288 014b 05       		.byte	0x5
 289 014c 85       		.byte	0x85
 290 014d C3000000 		.4byte	0xc3
 291 0151 05       		.byte	0x5
 292 0152 0A       		.uleb128 0xa
 293 0153 646C6300 		.ascii	"dlc\000"
 294 0157 05       		.byte	0x5
 295 0158 86       		.byte	0x86
 296 0159 C3000000 		.4byte	0xc3
 297 015d 06       		.byte	0x6
ARM GAS  D:\Windows\AppData\Local\Temp\cctCKL3l.s 			page 7


 298 015e 0A       		.uleb128 0xa
 299 015f 69727100 		.ascii	"irq\000"
 300 0163 05       		.byte	0x5
 301 0164 87       		.byte	0x87
 302 0165 C3000000 		.4byte	0xc3
 303 0169 07       		.byte	0x7
 304 016a 0A       		.uleb128 0xa
 305 016b 6D736700 		.ascii	"msg\000"
 306 016f 05       		.byte	0x5
 307 0170 8B       		.byte	0x8b
 308 0171 77010000 		.4byte	0x177
 309 0175 08       		.byte	0x8
 310 0176 00       		.byte	0
 311 0177 0B       		.uleb128 0xb
 312 0178 04       		.byte	0x4
 313 0179 1C010000 		.4byte	0x11c
 314 017d 03       		.uleb128 0x3
 315 017e 33000000 		.4byte	.LASF25
 316 0182 05       		.byte	0x5
 317 0183 8C       		.byte	0x8c
 318 0184 27010000 		.4byte	0x127
 319 0188 06       		.uleb128 0x6
 320 0189 10       		.byte	0x10
 321 018a 06       		.byte	0x6
 322 018b 08       		.byte	0x8
 323 018c C0010000 		.4byte	0x1c0
 324 0190 07       		.uleb128 0x7
 325 0191 66000000 		.4byte	.LASF26
 326 0195 06       		.byte	0x6
 327 0196 09       		.byte	0x9
 328 0197 B8000000 		.4byte	0xb8
 329 019b 00       		.byte	0
 330 019c 0A       		.uleb128 0xa
 331 019d 696400   		.ascii	"id\000"
 332 01a0 06       		.byte	0x6
 333 01a1 0A       		.byte	0xa
 334 01a2 A2000000 		.4byte	0xa2
 335 01a6 04       		.byte	0x4
 336 01a7 07       		.uleb128 0x7
 337 01a8 68020000 		.4byte	.LASF27
 338 01ac 06       		.byte	0x6
 339 01ad 0B       		.byte	0xb
 340 01ae 97000000 		.4byte	0x97
 341 01b2 06       		.byte	0x6
 342 01b3 07       		.uleb128 0x7
 343 01b4 84000000 		.4byte	.LASF28
 344 01b8 06       		.byte	0x6
 345 01b9 0C       		.byte	0xc
 346 01ba C0010000 		.4byte	0x1c0
 347 01be 07       		.byte	0x7
 348 01bf 00       		.byte	0
 349 01c0 08       		.uleb128 0x8
 350 01c1 97000000 		.4byte	0x97
 351 01c5 D0010000 		.4byte	0x1d0
 352 01c9 09       		.uleb128 0x9
 353 01ca F0000000 		.4byte	0xf0
 354 01ce 07       		.byte	0x7
ARM GAS  D:\Windows\AppData\Local\Temp\cctCKL3l.s 			page 8


 355 01cf 00       		.byte	0
 356 01d0 03       		.uleb128 0x3
 357 01d1 9E010000 		.4byte	.LASF29
 358 01d5 06       		.byte	0x6
 359 01d6 0D       		.byte	0xd
 360 01d7 88010000 		.4byte	0x188
 361 01db 0C       		.uleb128 0xc
 362 01dc 53000000 		.4byte	.LASF32
 363 01e0 01       		.byte	0x1
 364 01e1 04       		.byte	0x4
 365 01e2 00000000 		.4byte	.LFB63
 366 01e6 44000000 		.4byte	.LFE63-.LFB63
 367 01ea 01       		.uleb128 0x1
 368 01eb 9C       		.byte	0x9c
 369 01ec 2A020000 		.4byte	0x22a
 370 01f0 0D       		.uleb128 0xd
 371 01f1 6900     		.ascii	"i\000"
 372 01f3 01       		.byte	0x1
 373 01f4 05       		.byte	0x5
 374 01f5 97000000 		.4byte	0x97
 375 01f9 00000000 		.4byte	.LLST0
 376 01fd 0E       		.uleb128 0xe
 377 01fe 00000000 		.4byte	.LASF30
 378 0202 01       		.byte	0x1
 379 0203 06       		.byte	0x6
 380 0204 7D010000 		.4byte	0x17d
 381 0208 02       		.uleb128 0x2
 382 0209 91       		.byte	0x91
 383 020a 6C       		.sleb128 -20
 384 020b 0E       		.uleb128 0xe
 385 020c C0000000 		.4byte	.LASF31
 386 0210 01       		.byte	0x1
 387 0211 07       		.byte	0x7
 388 0212 1C010000 		.4byte	0x11c
 389 0216 02       		.uleb128 0x2
 390 0217 91       		.byte	0x91
 391 0218 64       		.sleb128 -28
 392 0219 0F       		.uleb128 0xf
 393 021a 3E000000 		.4byte	.LVL4
 394 021e 69020000 		.4byte	0x269
 395 0222 10       		.uleb128 0x10
 396 0223 01       		.uleb128 0x1
 397 0224 50       		.byte	0x50
 398 0225 02       		.uleb128 0x2
 399 0226 91       		.byte	0x91
 400 0227 6C       		.sleb128 -20
 401 0228 00       		.byte	0
 402 0229 00       		.byte	0
 403 022a 0C       		.uleb128 0xc
 404 022b 9D000000 		.4byte	.LASF33
 405 022f 01       		.byte	0x1
 406 0230 17       		.byte	0x17
 407 0231 00000000 		.4byte	.LFB64
 408 0235 0E000000 		.4byte	.LFE64-.LFB64
 409 0239 01       		.uleb128 0x1
 410 023a 9C       		.byte	0x9c
 411 023b 58020000 		.4byte	0x258
ARM GAS  D:\Windows\AppData\Local\Temp\cctCKL3l.s 			page 9


 412 023f 11       		.uleb128 0x11
 413 0240 88010000 		.4byte	.LASF37
 414 0244 01       		.byte	0x1
 415 0245 18       		.byte	0x18
 416 0246 D0010000 		.4byte	0x1d0
 417 024a 0D       		.uleb128 0xd
 418 024b 6900     		.ascii	"i\000"
 419 024d 01       		.byte	0x1
 420 024e 19       		.byte	0x19
 421 024f C3000000 		.4byte	0xc3
 422 0253 2A000000 		.4byte	.LLST1
 423 0257 00       		.byte	0
 424 0258 12       		.uleb128 0x12
 425 0259 CA000000 		.4byte	.LASF38
 426 025d 07       		.byte	0x7
 427 025e 9606     		.2byte	0x696
 428 0260 64020000 		.4byte	0x264
 429 0264 13       		.uleb128 0x13
 430 0265 AD000000 		.4byte	0xad
 431 0269 14       		.uleb128 0x14
 432 026a 12000000 		.4byte	.LASF39
 433 026e 05       		.byte	0x5
 434 026f 1801     		.2byte	0x118
 435 0271 C3000000 		.4byte	0xc3
 436 0275 7F020000 		.4byte	0x27f
 437 0279 15       		.uleb128 0x15
 438 027a 7F020000 		.4byte	0x27f
 439 027e 00       		.byte	0
 440 027f 0B       		.uleb128 0xb
 441 0280 04       		.byte	0x4
 442 0281 85020000 		.4byte	0x285
 443 0285 16       		.uleb128 0x16
 444 0286 7D010000 		.4byte	0x17d
 445 028a 00       		.byte	0
 446              		.section	.debug_abbrev,"",%progbits
 447              	.Ldebug_abbrev0:
 448 0000 01       		.uleb128 0x1
 449 0001 11       		.uleb128 0x11
 450 0002 01       		.byte	0x1
 451 0003 25       		.uleb128 0x25
 452 0004 0E       		.uleb128 0xe
 453 0005 13       		.uleb128 0x13
 454 0006 0B       		.uleb128 0xb
 455 0007 03       		.uleb128 0x3
 456 0008 0E       		.uleb128 0xe
 457 0009 1B       		.uleb128 0x1b
 458 000a 0E       		.uleb128 0xe
 459 000b 55       		.uleb128 0x55
 460 000c 17       		.uleb128 0x17
 461 000d 11       		.uleb128 0x11
 462 000e 01       		.uleb128 0x1
 463 000f 10       		.uleb128 0x10
 464 0010 17       		.uleb128 0x17
 465 0011 00       		.byte	0
 466 0012 00       		.byte	0
 467 0013 02       		.uleb128 0x2
 468 0014 24       		.uleb128 0x24
ARM GAS  D:\Windows\AppData\Local\Temp\cctCKL3l.s 			page 10


 469 0015 00       		.byte	0
 470 0016 0B       		.uleb128 0xb
 471 0017 0B       		.uleb128 0xb
 472 0018 3E       		.uleb128 0x3e
 473 0019 0B       		.uleb128 0xb
 474 001a 03       		.uleb128 0x3
 475 001b 0E       		.uleb128 0xe
 476 001c 00       		.byte	0
 477 001d 00       		.byte	0
 478 001e 03       		.uleb128 0x3
 479 001f 16       		.uleb128 0x16
 480 0020 00       		.byte	0
 481 0021 03       		.uleb128 0x3
 482 0022 0E       		.uleb128 0xe
 483 0023 3A       		.uleb128 0x3a
 484 0024 0B       		.uleb128 0xb
 485 0025 3B       		.uleb128 0x3b
 486 0026 0B       		.uleb128 0xb
 487 0027 49       		.uleb128 0x49
 488 0028 13       		.uleb128 0x13
 489 0029 00       		.byte	0
 490 002a 00       		.byte	0
 491 002b 04       		.uleb128 0x4
 492 002c 24       		.uleb128 0x24
 493 002d 00       		.byte	0
 494 002e 0B       		.uleb128 0xb
 495 002f 0B       		.uleb128 0xb
 496 0030 3E       		.uleb128 0x3e
 497 0031 0B       		.uleb128 0xb
 498 0032 03       		.uleb128 0x3
 499 0033 08       		.uleb128 0x8
 500 0034 00       		.byte	0
 501 0035 00       		.byte	0
 502 0036 05       		.uleb128 0x5
 503 0037 16       		.uleb128 0x16
 504 0038 00       		.byte	0
 505 0039 03       		.uleb128 0x3
 506 003a 0E       		.uleb128 0xe
 507 003b 3A       		.uleb128 0x3a
 508 003c 0B       		.uleb128 0xb
 509 003d 3B       		.uleb128 0x3b
 510 003e 05       		.uleb128 0x5
 511 003f 49       		.uleb128 0x49
 512 0040 13       		.uleb128 0x13
 513 0041 00       		.byte	0
 514 0042 00       		.byte	0
 515 0043 06       		.uleb128 0x6
 516 0044 13       		.uleb128 0x13
 517 0045 01       		.byte	0x1
 518 0046 0B       		.uleb128 0xb
 519 0047 0B       		.uleb128 0xb
 520 0048 3A       		.uleb128 0x3a
 521 0049 0B       		.uleb128 0xb
 522 004a 3B       		.uleb128 0x3b
 523 004b 0B       		.uleb128 0xb
 524 004c 01       		.uleb128 0x1
 525 004d 13       		.uleb128 0x13
ARM GAS  D:\Windows\AppData\Local\Temp\cctCKL3l.s 			page 11


 526 004e 00       		.byte	0
 527 004f 00       		.byte	0
 528 0050 07       		.uleb128 0x7
 529 0051 0D       		.uleb128 0xd
 530 0052 00       		.byte	0
 531 0053 03       		.uleb128 0x3
 532 0054 0E       		.uleb128 0xe
 533 0055 3A       		.uleb128 0x3a
 534 0056 0B       		.uleb128 0xb
 535 0057 3B       		.uleb128 0x3b
 536 0058 0B       		.uleb128 0xb
 537 0059 49       		.uleb128 0x49
 538 005a 13       		.uleb128 0x13
 539 005b 38       		.uleb128 0x38
 540 005c 0B       		.uleb128 0xb
 541 005d 00       		.byte	0
 542 005e 00       		.byte	0
 543 005f 08       		.uleb128 0x8
 544 0060 01       		.uleb128 0x1
 545 0061 01       		.byte	0x1
 546 0062 49       		.uleb128 0x49
 547 0063 13       		.uleb128 0x13
 548 0064 01       		.uleb128 0x1
 549 0065 13       		.uleb128 0x13
 550 0066 00       		.byte	0
 551 0067 00       		.byte	0
 552 0068 09       		.uleb128 0x9
 553 0069 21       		.uleb128 0x21
 554 006a 00       		.byte	0
 555 006b 49       		.uleb128 0x49
 556 006c 13       		.uleb128 0x13
 557 006d 2F       		.uleb128 0x2f
 558 006e 0B       		.uleb128 0xb
 559 006f 00       		.byte	0
 560 0070 00       		.byte	0
 561 0071 0A       		.uleb128 0xa
 562 0072 0D       		.uleb128 0xd
 563 0073 00       		.byte	0
 564 0074 03       		.uleb128 0x3
 565 0075 08       		.uleb128 0x8
 566 0076 3A       		.uleb128 0x3a
 567 0077 0B       		.uleb128 0xb
 568 0078 3B       		.uleb128 0x3b
 569 0079 0B       		.uleb128 0xb
 570 007a 49       		.uleb128 0x49
 571 007b 13       		.uleb128 0x13
 572 007c 38       		.uleb128 0x38
 573 007d 0B       		.uleb128 0xb
 574 007e 00       		.byte	0
 575 007f 00       		.byte	0
 576 0080 0B       		.uleb128 0xb
 577 0081 0F       		.uleb128 0xf
 578 0082 00       		.byte	0
 579 0083 0B       		.uleb128 0xb
 580 0084 0B       		.uleb128 0xb
 581 0085 49       		.uleb128 0x49
 582 0086 13       		.uleb128 0x13
ARM GAS  D:\Windows\AppData\Local\Temp\cctCKL3l.s 			page 12


 583 0087 00       		.byte	0
 584 0088 00       		.byte	0
 585 0089 0C       		.uleb128 0xc
 586 008a 2E       		.uleb128 0x2e
 587 008b 01       		.byte	0x1
 588 008c 3F       		.uleb128 0x3f
 589 008d 19       		.uleb128 0x19
 590 008e 03       		.uleb128 0x3
 591 008f 0E       		.uleb128 0xe
 592 0090 3A       		.uleb128 0x3a
 593 0091 0B       		.uleb128 0xb
 594 0092 3B       		.uleb128 0x3b
 595 0093 0B       		.uleb128 0xb
 596 0094 11       		.uleb128 0x11
 597 0095 01       		.uleb128 0x1
 598 0096 12       		.uleb128 0x12
 599 0097 06       		.uleb128 0x6
 600 0098 40       		.uleb128 0x40
 601 0099 18       		.uleb128 0x18
 602 009a 9742     		.uleb128 0x2117
 603 009c 19       		.uleb128 0x19
 604 009d 01       		.uleb128 0x1
 605 009e 13       		.uleb128 0x13
 606 009f 00       		.byte	0
 607 00a0 00       		.byte	0
 608 00a1 0D       		.uleb128 0xd
 609 00a2 34       		.uleb128 0x34
 610 00a3 00       		.byte	0
 611 00a4 03       		.uleb128 0x3
 612 00a5 08       		.uleb128 0x8
 613 00a6 3A       		.uleb128 0x3a
 614 00a7 0B       		.uleb128 0xb
 615 00a8 3B       		.uleb128 0x3b
 616 00a9 0B       		.uleb128 0xb
 617 00aa 49       		.uleb128 0x49
 618 00ab 13       		.uleb128 0x13
 619 00ac 02       		.uleb128 0x2
 620 00ad 17       		.uleb128 0x17
 621 00ae 00       		.byte	0
 622 00af 00       		.byte	0
 623 00b0 0E       		.uleb128 0xe
 624 00b1 34       		.uleb128 0x34
 625 00b2 00       		.byte	0
 626 00b3 03       		.uleb128 0x3
 627 00b4 0E       		.uleb128 0xe
 628 00b5 3A       		.uleb128 0x3a
 629 00b6 0B       		.uleb128 0xb
 630 00b7 3B       		.uleb128 0x3b
 631 00b8 0B       		.uleb128 0xb
 632 00b9 49       		.uleb128 0x49
 633 00ba 13       		.uleb128 0x13
 634 00bb 02       		.uleb128 0x2
 635 00bc 18       		.uleb128 0x18
 636 00bd 00       		.byte	0
 637 00be 00       		.byte	0
 638 00bf 0F       		.uleb128 0xf
 639 00c0 898201   		.uleb128 0x4109
ARM GAS  D:\Windows\AppData\Local\Temp\cctCKL3l.s 			page 13


 640 00c3 01       		.byte	0x1
 641 00c4 11       		.uleb128 0x11
 642 00c5 01       		.uleb128 0x1
 643 00c6 31       		.uleb128 0x31
 644 00c7 13       		.uleb128 0x13
 645 00c8 00       		.byte	0
 646 00c9 00       		.byte	0
 647 00ca 10       		.uleb128 0x10
 648 00cb 8A8201   		.uleb128 0x410a
 649 00ce 00       		.byte	0
 650 00cf 02       		.uleb128 0x2
 651 00d0 18       		.uleb128 0x18
 652 00d1 9142     		.uleb128 0x2111
 653 00d3 18       		.uleb128 0x18
 654 00d4 00       		.byte	0
 655 00d5 00       		.byte	0
 656 00d6 11       		.uleb128 0x11
 657 00d7 34       		.uleb128 0x34
 658 00d8 00       		.byte	0
 659 00d9 03       		.uleb128 0x3
 660 00da 0E       		.uleb128 0xe
 661 00db 3A       		.uleb128 0x3a
 662 00dc 0B       		.uleb128 0xb
 663 00dd 3B       		.uleb128 0x3b
 664 00de 0B       		.uleb128 0xb
 665 00df 49       		.uleb128 0x49
 666 00e0 13       		.uleb128 0x13
 667 00e1 00       		.byte	0
 668 00e2 00       		.byte	0
 669 00e3 12       		.uleb128 0x12
 670 00e4 34       		.uleb128 0x34
 671 00e5 00       		.byte	0
 672 00e6 03       		.uleb128 0x3
 673 00e7 0E       		.uleb128 0xe
 674 00e8 3A       		.uleb128 0x3a
 675 00e9 0B       		.uleb128 0xb
 676 00ea 3B       		.uleb128 0x3b
 677 00eb 05       		.uleb128 0x5
 678 00ec 49       		.uleb128 0x49
 679 00ed 13       		.uleb128 0x13
 680 00ee 3F       		.uleb128 0x3f
 681 00ef 19       		.uleb128 0x19
 682 00f0 3C       		.uleb128 0x3c
 683 00f1 19       		.uleb128 0x19
 684 00f2 00       		.byte	0
 685 00f3 00       		.byte	0
 686 00f4 13       		.uleb128 0x13
 687 00f5 35       		.uleb128 0x35
 688 00f6 00       		.byte	0
 689 00f7 49       		.uleb128 0x49
 690 00f8 13       		.uleb128 0x13
 691 00f9 00       		.byte	0
 692 00fa 00       		.byte	0
 693 00fb 14       		.uleb128 0x14
 694 00fc 2E       		.uleb128 0x2e
 695 00fd 01       		.byte	0x1
 696 00fe 3F       		.uleb128 0x3f
ARM GAS  D:\Windows\AppData\Local\Temp\cctCKL3l.s 			page 14


 697 00ff 19       		.uleb128 0x19
 698 0100 03       		.uleb128 0x3
 699 0101 0E       		.uleb128 0xe
 700 0102 3A       		.uleb128 0x3a
 701 0103 0B       		.uleb128 0xb
 702 0104 3B       		.uleb128 0x3b
 703 0105 05       		.uleb128 0x5
 704 0106 27       		.uleb128 0x27
 705 0107 19       		.uleb128 0x19
 706 0108 49       		.uleb128 0x49
 707 0109 13       		.uleb128 0x13
 708 010a 3C       		.uleb128 0x3c
 709 010b 19       		.uleb128 0x19
 710 010c 01       		.uleb128 0x1
 711 010d 13       		.uleb128 0x13
 712 010e 00       		.byte	0
 713 010f 00       		.byte	0
 714 0110 15       		.uleb128 0x15
 715 0111 05       		.uleb128 0x5
 716 0112 00       		.byte	0
 717 0113 49       		.uleb128 0x49
 718 0114 13       		.uleb128 0x13
 719 0115 00       		.byte	0
 720 0116 00       		.byte	0
 721 0117 16       		.uleb128 0x16
 722 0118 26       		.uleb128 0x26
 723 0119 00       		.byte	0
 724 011a 49       		.uleb128 0x49
 725 011b 13       		.uleb128 0x13
 726 011c 00       		.byte	0
 727 011d 00       		.byte	0
 728 011e 00       		.byte	0
 729              		.section	.debug_loc,"",%progbits
 730              	.Ldebug_loc0:
 731              	.LLST0:
 732 0000 24000000 		.4byte	.LVL0
 733 0004 26000000 		.4byte	.LVL1
 734 0008 0200     		.2byte	0x2
 735 000a 30       		.byte	0x30
 736 000b 9F       		.byte	0x9f
 737 000c 26000000 		.4byte	.LVL1
 738 0010 32000000 		.4byte	.LVL2
 739 0014 0100     		.2byte	0x1
 740 0016 53       		.byte	0x53
 741 0017 34000000 		.4byte	.LVL3
 742 001b 3D000000 		.4byte	.LVL4-1
 743 001f 0100     		.2byte	0x1
 744 0021 53       		.byte	0x53
 745 0022 00000000 		.4byte	0
 746 0026 00000000 		.4byte	0
 747              	.LLST1:
 748 002a 00000000 		.4byte	.LVL5
 749 002e 04000000 		.4byte	.LVL6
 750 0032 0300     		.2byte	0x3
 751 0034 08       		.byte	0x8
 752 0035 64       		.byte	0x64
 753 0036 9F       		.byte	0x9f
ARM GAS  D:\Windows\AppData\Local\Temp\cctCKL3l.s 			page 15


 754 0037 04000000 		.4byte	.LVL6
 755 003b 06000000 		.4byte	.LVL7
 756 003f 0100     		.2byte	0x1
 757 0041 53       		.byte	0x53
 758 0042 08000000 		.4byte	.LVL8
 759 0046 0E000000 		.4byte	.LFE64
 760 004a 0100     		.2byte	0x1
 761 004c 53       		.byte	0x53
 762 004d 00000000 		.4byte	0
 763 0051 00000000 		.4byte	0
 764              		.section	.debug_aranges,"",%progbits
 765 0000 24000000 		.4byte	0x24
 766 0004 0200     		.2byte	0x2
 767 0006 00000000 		.4byte	.Ldebug_info0
 768 000a 04       		.byte	0x4
 769 000b 00       		.byte	0
 770 000c 0000     		.2byte	0
 771 000e 0000     		.2byte	0
 772 0010 00000000 		.4byte	.LFB63
 773 0014 44000000 		.4byte	.LFE63-.LFB63
 774 0018 00000000 		.4byte	.LFB64
 775 001c 0E000000 		.4byte	.LFE64-.LFB64
 776 0020 00000000 		.4byte	0
 777 0024 00000000 		.4byte	0
 778              		.section	.debug_ranges,"",%progbits
 779              	.Ldebug_ranges0:
 780 0000 00000000 		.4byte	.LFB63
 781 0004 44000000 		.4byte	.LFE63
 782 0008 00000000 		.4byte	.LFB64
 783 000c 0E000000 		.4byte	.LFE64
 784 0010 00000000 		.4byte	0
 785 0014 00000000 		.4byte	0
 786              		.section	.debug_line,"",%progbits
 787              	.Ldebug_line0:
 788 0000 9F010000 		.section	.debug_str,"MS",%progbits,1
 788      02005301 
 788      00000201 
 788      FB0E0D00 
 788      01010101 
 789              	.LASF30:
 790 0000 6D657373 		.ascii	"message\000"
 790      61676500 
 791              	.LASF3:
 792 0008 5F5F7569 		.ascii	"__uint8_t\000"
 792      6E74385F 
 792      7400
 793              	.LASF39:
 794 0012 43414E5F 		.ascii	"CAN_1_SendMsg\000"
 794      315F5365 
 794      6E644D73 
 794      6700
 795              	.LASF6:
 796 0020 5F5F696E 		.ascii	"__int32_t\000"
 796      7433325F 
 796      7400
 797              	.LASF7:
 798 002a 6C6F6E67 		.ascii	"long int\000"
ARM GAS  D:\Windows\AppData\Local\Temp\cctCKL3l.s 			page 16


 798      20696E74 
 798      00
 799              	.LASF25:
 800 0033 43414E5F 		.ascii	"CAN_1_TX_MSG\000"
 800      315F5458 
 800      5F4D5347 
 800      00
 801              	.LASF5:
 802 0040 73686F72 		.ascii	"short unsigned int\000"
 802      7420756E 
 802      7369676E 
 802      65642069 
 802      6E7400
 803              	.LASF32:
 804 0053 63616E5F 		.ascii	"can_test_send\000"
 804      74657374 
 804      5F73656E 
 804      6400
 805              	.LASF24:
 806 0061 62797465 		.ascii	"byte\000"
 806      00
 807              	.LASF26:
 808 0066 6D696C6C 		.ascii	"millicounter\000"
 808      69636F75 
 808      6E746572 
 808      00
 809              	.LASF8:
 810 0073 5F5F7569 		.ascii	"__uint32_t\000"
 810      6E743332 
 810      5F7400
 811              	.LASF19:
 812 007e 666C6F61 		.ascii	"float\000"
 812      7400
 813              	.LASF28:
 814 0084 64617461 		.ascii	"data\000"
 814      00
 815              	.LASF17:
 816 0089 75696E74 		.ascii	"uint8\000"
 816      3800
 817              	.LASF1:
 818 008f 756E7369 		.ascii	"unsigned char\000"
 818      676E6564 
 818      20636861 
 818      7200
 819              	.LASF33:
 820 009d 63616E5F 		.ascii	"can_test_receive\000"
 820      74657374 
 820      5F726563 
 820      65697665 
 820      00
 821              	.LASF9:
 822 00ae 6C6F6E67 		.ascii	"long unsigned int\000"
 822      20756E73 
 822      69676E65 
 822      6420696E 
 822      7400
 823              	.LASF31:
ARM GAS  D:\Windows\AppData\Local\Temp\cctCKL3l.s 			page 17


 824 00c0 74657374 		.ascii	"test_data\000"
 824      5F646174 
 824      6100
 825              	.LASF38:
 826 00ca 49544D5F 		.ascii	"ITM_RxBuffer\000"
 826      52784275 
 826      66666572 
 826      00
 827              	.LASF4:
 828 00d7 5F5F7569 		.ascii	"__uint16_t\000"
 828      6E743136 
 828      5F7400
 829              	.LASF20:
 830 00e2 646F7562 		.ascii	"double\000"
 830      6C6500
 831              	.LASF2:
 832 00e9 73686F72 		.ascii	"short int\000"
 832      7420696E 
 832      7400
 833              	.LASF18:
 834 00f3 75696E74 		.ascii	"uint32\000"
 834      333200
 835              	.LASF34:
 836 00fa 474E5520 		.ascii	"GNU C 4.9.3 20150303 (release) [ARM/embedded-4_9-br"
 836      4320342E 
 836      392E3320 
 836      32303135 
 836      30333033 
 837 012d 616E6368 		.ascii	"anch revision 221220] -mcpu=cortex-m3 -mthumb -g -O"
 837      20726576 
 837      6973696F 
 837      6E203232 
 837      31323230 
 838 0160 67202D66 		.ascii	"g -ffunction-sections -ffat-lto-objects\000"
 838      66756E63 
 838      74696F6E 
 838      2D736563 
 838      74696F6E 
 839              	.LASF37:
 840 0188 74657374 		.ascii	"test_msg\000"
 840      5F6D7367 
 840      00
 841              	.LASF12:
 842 0191 756E7369 		.ascii	"unsigned int\000"
 842      676E6564 
 842      20696E74 
 842      00
 843              	.LASF29:
 844 019e 44617461 		.ascii	"DataPacket\000"
 844      5061636B 
 844      657400
 845              	.LASF11:
 846 01a9 6C6F6E67 		.ascii	"long long unsigned int\000"
 846      206C6F6E 
 846      6720756E 
 846      7369676E 
 846      65642069 
ARM GAS  D:\Windows\AppData\Local\Temp\cctCKL3l.s 			page 18


 847              	.LASF13:
 848 01c0 75696E74 		.ascii	"uint8_t\000"
 848      385F7400 
 849              	.LASF36:
 850 01c8 443A5C44 		.ascii	"D:\\Downloads\\FRUCD\\Node-Rhinoceros\\Node-Rhinoce"
 850      6F776E6C 
 850      6F616473 
 850      5C465255 
 850      43445C4E 
 851 01f7 726F735C 		.ascii	"ros\\Node-Rhinoceros.cydsn\000"
 851      4E6F6465 
 851      2D526869 
 851      6E6F6365 
 851      726F732E 
 852              	.LASF15:
 853 0211 696E7433 		.ascii	"int32_t\000"
 853      325F7400 
 854              	.LASF22:
 855 0219 73697A65 		.ascii	"sizetype\000"
 855      74797065 
 855      00
 856              	.LASF10:
 857 0222 6C6F6E67 		.ascii	"long long int\000"
 857      206C6F6E 
 857      6720696E 
 857      7400
 858              	.LASF21:
 859 0230 63686172 		.ascii	"char\000"
 859      00
 860              	.LASF23:
 861 0235 43414E5F 		.ascii	"CAN_1_DATA_BYTES_MSG\000"
 861      315F4441 
 861      54415F42 
 861      59544553 
 861      5F4D5347 
 862              	.LASF14:
 863 024a 75696E74 		.ascii	"uint16_t\000"
 863      31365F74 
 863      00
 864              	.LASF16:
 865 0253 75696E74 		.ascii	"uint32_t\000"
 865      33325F74 
 865      00
 866              	.LASF0:
 867 025c 7369676E 		.ascii	"signed char\000"
 867      65642063 
 867      68617200 
 868              	.LASF27:
 869 0268 6C656E67 		.ascii	"length\000"
 869      746800
 870              	.LASF35:
 871 026f 63616E5F 		.ascii	"can_manager.c\000"
 871      6D616E61 
 871      6765722E 
 871      6300
 872              		.ident	"GCC: (GNU Tools for ARM Embedded Processors) 4.9.3 20150303 (release) [ARM/embedded-4_9-br
