ARM GAS  D:\Windows\AppData\Local\Temp\ccl8MM4e.s 			page 1


   1              		.syntax unified
   2              		.cpu cortex-m3
   3              		.fpu softvfp
   4              		.eabi_attribute 20, 1
   5              		.eabi_attribute 21, 1
   6              		.eabi_attribute 23, 3
   7              		.eabi_attribute 24, 1
   8              		.eabi_attribute 25, 1
   9              		.eabi_attribute 26, 1
  10              		.eabi_attribute 30, 1
  11              		.eabi_attribute 34, 1
  12              		.eabi_attribute 18, 4
  13              		.thumb
  14              		.file	"lcd_manager.c"
  15              		.text
  16              	.Ltext0:
  17              		.cfi_sections	.debug_frame
  18              		.section	.text.lcd_init,"ax",%progbits
  19              		.align	2
  20              		.global	lcd_init
  21              		.thumb
  22              		.thumb_func
  23              		.type	lcd_init, %function
  24              	lcd_init:
  25              	.LFB63:
  26              		.file 1 "lcd_manager.c"
   1:lcd_manager.c **** 
   2:lcd_manager.c **** #include "lcd_manager.h"
   3:lcd_manager.c **** #include <stdlib.h>
   4:lcd_manager.c **** #include <stdio.h>
   5:lcd_manager.c **** int count = 0;
   6:lcd_manager.c **** 
   7:lcd_manager.c **** void lcd_init() {
  27              		.loc 1 7 0
  28              		.cfi_startproc
  29              		@ args = 0, pretend = 0, frame = 40
  30              		@ frame_needed = 0, uses_anonymous_args = 0
  31 0000 30B5     		push	{r4, r5, lr}
  32              		.cfi_def_cfa_offset 12
  33              		.cfi_offset 4, -12
  34              		.cfi_offset 5, -8
  35              		.cfi_offset 14, -4
  36 0002 8BB0     		sub	sp, sp, #44
  37              		.cfi_def_cfa_offset 56
   8:lcd_manager.c **** 	LCD_Start();
  38              		.loc 1 8 0
  39 0004 FFF7FEFF 		bl	LCD_Start
  40              	.LVL0:
   9:lcd_manager.c **** 	char8 intro1[] = "Formula Racing";
  41              		.loc 1 9 0
  42 0008 0E4B     		ldr	r3, .L3
  43 000a 06AC     		add	r4, sp, #24
  44 000c 0FCB     		ldmia	r3, {r0, r1, r2, r3}
  45 000e 07C4     		stmia	r4!, {r0, r1, r2}
  46 0010 24F8023B 		strh	r3, [r4], #2	@ movhi
  47 0014 1B0C     		lsrs	r3, r3, #16
  48 0016 2370     		strb	r3, [r4]
ARM GAS  D:\Windows\AppData\Local\Temp\ccl8MM4e.s 			page 2


  10:lcd_manager.c **** 	char8 intro2[] = "Charging Circuit";
  49              		.loc 1 10 0
  50 0018 01AC     		add	r4, sp, #4
  51 001a 0B4D     		ldr	r5, .L3+4
  52 001c 0FCD     		ldmia	r5!, {r0, r1, r2, r3}
  53 001e 0FC4     		stmia	r4!, {r0, r1, r2, r3}
  54 0020 2B68     		ldr	r3, [r5]
  55 0022 2370     		strb	r3, [r4]
  11:lcd_manager.c **** 	LCD_PrintString(intro1);
  56              		.loc 1 11 0
  57 0024 06A8     		add	r0, sp, #24
  58 0026 FFF7FEFF 		bl	LCD_PrintString
  59              	.LVL1:
  12:lcd_manager.c **** 	LCD_Position(1, 0);
  60              		.loc 1 12 0
  61 002a 0120     		movs	r0, #1
  62 002c 0021     		movs	r1, #0
  63 002e FFF7FEFF 		bl	LCD_Position
  64              	.LVL2:
  13:lcd_manager.c **** 	LCD_PrintString(intro2);
  65              		.loc 1 13 0
  66 0032 01A8     		add	r0, sp, #4
  67 0034 FFF7FEFF 		bl	LCD_PrintString
  68              	.LVL3:
  14:lcd_manager.c **** 	CyDelay(3000);
  69              		.loc 1 14 0
  70 0038 40F6B830 		movw	r0, #3000
  71 003c FFF7FEFF 		bl	CyDelay
  72              	.LVL4:
  15:lcd_manager.c **** }
  73              		.loc 1 15 0
  74 0040 0BB0     		add	sp, sp, #44
  75              		.cfi_def_cfa_offset 12
  76              		@ sp needed
  77 0042 30BD     		pop	{r4, r5, pc}
  78              	.L4:
  79              		.align	2
  80              	.L3:
  81 0044 00000000 		.word	.LC0
  82 0048 10000000 		.word	.LC1
  83              		.cfi_endproc
  84              	.LFE63:
  85              		.size	lcd_init, .-lcd_init
  86              		.section	.text.lcd_print_bms,"ax",%progbits
  87              		.align	2
  88              		.global	lcd_print_bms
  89              		.thumb
  90              		.thumb_func
  91              		.type	lcd_print_bms, %function
  92              	lcd_print_bms:
  93              	.LFB64:
  16:lcd_manager.c **** 	
  17:lcd_manager.c **** void lcd_print_bms() {
  94              		.loc 1 17 0
  95              		.cfi_startproc
  96              		@ args = 0, pretend = 0, frame = 32
  97              		@ frame_needed = 0, uses_anonymous_args = 0
ARM GAS  D:\Windows\AppData\Local\Temp\ccl8MM4e.s 			page 3


  98 0000 30B5     		push	{r4, r5, lr}
  99              		.cfi_def_cfa_offset 12
 100              		.cfi_offset 4, -12
 101              		.cfi_offset 5, -8
 102              		.cfi_offset 14, -4
 103 0002 89B0     		sub	sp, sp, #36
 104              		.cfi_def_cfa_offset 48
  18:lcd_manager.c **** 	char8 BMS1[] = "V: 000.0V";
 105              		.loc 1 18 0
 106 0004 0E4A     		ldr	r2, .L7
 107 0006 05AB     		add	r3, sp, #20
 108 0008 07CA     		ldmia	r2, {r0, r1, r2}
 109 000a 03C3     		stmia	r3!, {r0, r1}
 110 000c 1A80     		strh	r2, [r3]	@ movhi
  19:lcd_manager.c **** 	char8 BMS2[] = "C: 000A   T: 00C";  
 111              		.loc 1 19 0
 112 000e 6C46     		mov	r4, sp
 113 0010 0C4D     		ldr	r5, .L7+4
 114 0012 0FCD     		ldmia	r5!, {r0, r1, r2, r3}
 115 0014 0FC4     		stmia	r4!, {r0, r1, r2, r3}
 116 0016 2B68     		ldr	r3, [r5]
 117 0018 2370     		strb	r3, [r4]
  20:lcd_manager.c **** 	
  21:lcd_manager.c **** 	LCD_ClearDisplay();
 118              		.loc 1 21 0
 119 001a 0120     		movs	r0, #1
 120 001c FFF7FEFF 		bl	LCD_WriteControl
 121              	.LVL5:
  22:lcd_manager.c **** 	LCD_Position(0, 0);
 122              		.loc 1 22 0
 123 0020 0020     		movs	r0, #0
 124 0022 0146     		mov	r1, r0
 125 0024 FFF7FEFF 		bl	LCD_Position
 126              	.LVL6:
  23:lcd_manager.c **** 	LCD_PrintString(BMS1);
 127              		.loc 1 23 0
 128 0028 05A8     		add	r0, sp, #20
 129 002a FFF7FEFF 		bl	LCD_PrintString
 130              	.LVL7:
  24:lcd_manager.c **** 	LCD_Position(1, 0);
 131              		.loc 1 24 0
 132 002e 0120     		movs	r0, #1
 133 0030 0021     		movs	r1, #0
 134 0032 FFF7FEFF 		bl	LCD_Position
 135              	.LVL8:
  25:lcd_manager.c **** 	LCD_PrintString(BMS2);
 136              		.loc 1 25 0
 137 0036 6846     		mov	r0, sp
 138 0038 FFF7FEFF 		bl	LCD_PrintString
 139              	.LVL9:
  26:lcd_manager.c **** }
 140              		.loc 1 26 0
 141 003c 09B0     		add	sp, sp, #36
 142              		.cfi_def_cfa_offset 12
 143              		@ sp needed
 144 003e 30BD     		pop	{r4, r5, pc}
 145              	.L8:
ARM GAS  D:\Windows\AppData\Local\Temp\ccl8MM4e.s 			page 4


 146              		.align	2
 147              	.L7:
 148 0040 24000000 		.word	.LC2
 149 0044 30000000 		.word	.LC3
 150              		.cfi_endproc
 151              	.LFE64:
 152              		.size	lcd_print_bms, .-lcd_print_bms
 153              		.section	.text.lcd_test_print,"ax",%progbits
 154              		.align	2
 155              		.global	lcd_test_print
 156              		.thumb
 157              		.thumb_func
 158              		.type	lcd_test_print, %function
 159              	lcd_test_print:
 160              	.LFB65:
  27:lcd_manager.c **** 
  28:lcd_manager.c **** 
  29:lcd_manager.c **** void lcd_test_print() {
 161              		.loc 1 29 0
 162              		.cfi_startproc
 163              		@ args = 0, pretend = 0, frame = 16
 164              		@ frame_needed = 0, uses_anonymous_args = 0
 165 0000 00B5     		push	{lr}
 166              		.cfi_def_cfa_offset 4
 167              		.cfi_offset 14, -4
 168 0002 85B0     		sub	sp, sp, #20
 169              		.cfi_def_cfa_offset 24
  30:lcd_manager.c **** 	char8 const test_string[] = "Hi there, test!";
  31:lcd_manager.c **** 	char8 test_buf[32];
  32:lcd_manager.c **** 	
  33:lcd_manager.c **** 	//count++;
  34:lcd_manager.c **** 	//itoa(count, test_buf, 10);
  35:lcd_manager.c **** 	LCD_ClearDisplay();
 170              		.loc 1 35 0
 171 0004 0120     		movs	r0, #1
 172 0006 FFF7FEFF 		bl	LCD_WriteControl
 173              	.LVL10:
  36:lcd_manager.c **** 	//LCD_Position(0,0);
  37:lcd_manager.c **** 	//LCD_PrintString(test_buf);
  38:lcd_manager.c **** 	//LCD_PrintInt32(count);
  39:lcd_manager.c **** 	//LCD_PrintInt8(count);
  40:lcd_manager.c **** 	
  41:lcd_manager.c **** 	//voltage test print
  42:lcd_manager.c **** 	uint32_t voltage = 0x00017475;	//095.349
  43:lcd_manager.c **** 	char8 volt_string[5];
  44:lcd_manager.c **** 	LCD_Position(0,3);
 174              		.loc 1 44 0
 175 000a 0020     		movs	r0, #0
 176 000c 0321     		movs	r1, #3
 177 000e FFF7FEFF 		bl	LCD_Position
 178              	.LVL11:
  45:lcd_manager.c **** 	sprintf(volt_string, "%03d.%01d", voltage/1000, voltage/100%10);
 179              		.loc 1 45 0
 180 0012 02A8     		add	r0, sp, #8
 181 0014 0F49     		ldr	r1, .L11
 182 0016 5F22     		movs	r2, #95
 183 0018 0323     		movs	r3, #3
ARM GAS  D:\Windows\AppData\Local\Temp\ccl8MM4e.s 			page 5


 184 001a FFF7FEFF 		bl	sprintf
 185              	.LVL12:
  46:lcd_manager.c **** 	LCD_PrintString(volt_string);
 186              		.loc 1 46 0
 187 001e 02A8     		add	r0, sp, #8
 188 0020 FFF7FEFF 		bl	LCD_PrintString
 189              	.LVL13:
  47:lcd_manager.c **** 	
  48:lcd_manager.c **** 	//temp
  49:lcd_manager.c **** 	uint8_t temperature = 0x24;
  50:lcd_manager.c **** 	LCD_Position(1, 13);
 190              		.loc 1 50 0
 191 0024 0120     		movs	r0, #1
 192 0026 0D21     		movs	r1, #13
 193 0028 FFF7FEFF 		bl	LCD_Position
 194              	.LVL14:
  51:lcd_manager.c **** 	LCD_PrintHexUint8(temperature);
 195              		.loc 1 51 0
 196 002c 2420     		movs	r0, #36
 197 002e FFF7FEFF 		bl	LCD_PrintInt8
 198              	.LVL15:
  52:lcd_manager.c **** 	
  53:lcd_manager.c **** 	//current
  54:lcd_manager.c **** 	uint16_t current = 0x123;
  55:lcd_manager.c **** 	char8 curr_string[3];
  56:lcd_manager.c **** 	sprintf(curr_string, "%03d", current); 
 199              		.loc 1 56 0
 200 0032 01A8     		add	r0, sp, #4
 201 0034 0849     		ldr	r1, .L11+4
 202 0036 40F22312 		movw	r2, #291
 203 003a FFF7FEFF 		bl	sprintf
 204              	.LVL16:
  57:lcd_manager.c **** 	LCD_Position(1, 3);
 205              		.loc 1 57 0
 206 003e 0120     		movs	r0, #1
 207 0040 0321     		movs	r1, #3
 208 0042 FFF7FEFF 		bl	LCD_Position
 209              	.LVL17:
  58:lcd_manager.c **** 	LCD_PrintString(curr_string);
 210              		.loc 1 58 0
 211 0046 01A8     		add	r0, sp, #4
 212 0048 FFF7FEFF 		bl	LCD_PrintString
 213              	.LVL18:
  59:lcd_manager.c **** }
 214              		.loc 1 59 0
 215 004c 05B0     		add	sp, sp, #20
 216              		.cfi_def_cfa_offset 4
 217              		@ sp needed
 218 004e 5DF804FB 		ldr	pc, [sp], #4
 219              	.L12:
 220 0052 00BF     		.align	2
 221              	.L11:
 222 0054 44000000 		.word	.LC4
 223 0058 50000000 		.word	.LC5
 224              		.cfi_endproc
 225              	.LFE65:
 226              		.size	lcd_test_print, .-lcd_test_print
ARM GAS  D:\Windows\AppData\Local\Temp\ccl8MM4e.s 			page 6


 227              		.section	.text.lcd_print,"ax",%progbits
 228              		.align	2
 229              		.global	lcd_print
 230              		.thumb
 231              		.thumb_func
 232              		.type	lcd_print, %function
 233              	lcd_print:
 234              	.LFB66:
  60:lcd_manager.c **** 
  61:lcd_manager.c **** void lcd_print(char8* string_val) {
 235              		.loc 1 61 0
 236              		.cfi_startproc
 237              		@ args = 0, pretend = 0, frame = 0
 238              		@ frame_needed = 0, uses_anonymous_args = 0
 239              	.LVL19:
 240 0000 08B5     		push	{r3, lr}
 241              		.cfi_def_cfa_offset 8
 242              		.cfi_offset 3, -8
 243              		.cfi_offset 14, -4
  62:lcd_manager.c **** 	LCD_PrintString(string_val);
 244              		.loc 1 62 0
 245 0002 FFF7FEFF 		bl	LCD_PrintString
 246              	.LVL20:
 247 0006 08BD     		pop	{r3, pc}
 248              		.cfi_endproc
 249              	.LFE66:
 250              		.size	lcd_print, .-lcd_print
 251              		.global	count
 252              		.section	.rodata.str1.4,"aMS",%progbits,1
 253              		.align	2
 254              	.LC0:
 255 0000 466F726D 		.ascii	"Formula Racing\000"
 255      756C6120 
 255      52616369 
 255      6E6700
 256 000f 00       		.space	1
 257              	.LC1:
 258 0010 43686172 		.ascii	"Charging Circuit\000"
 258      67696E67 
 258      20436972 
 258      63756974 
 258      00
 259 0021 000000   		.space	3
 260              	.LC2:
 261 0024 563A2030 		.ascii	"V: 000.0V\000"
 261      30302E30 
 261      5600
 262 002e 0000     		.space	2
 263              	.LC3:
 264 0030 433A2030 		.ascii	"C: 000A   T: 00C\000"
 264      30304120 
 264      2020543A 
 264      20303043 
 264      00
 265 0041 000000   		.space	3
 266              	.LC4:
 267 0044 25303364 		.ascii	"%03d.%01d\000"
ARM GAS  D:\Windows\AppData\Local\Temp\ccl8MM4e.s 			page 7


 267      2E253031 
 267      6400
 268 004e 0000     		.space	2
 269              	.LC5:
 270 0050 25303364 		.ascii	"%03d\000"
 270      00
 271 0055 000000   		.bss
 272              		.align	2
 273              		.type	count, %object
 274              		.size	count, 4
 275              	count:
 276 0000 00000000 		.space	4
 277              		.text
 278              	.Letext0:
 279              		.file 2 "d:\\programming\\cypress\\psoc creator\\4.0\\psoc creator\\import\\gnu\\arm\\4.9.3\\arm-n
 280              		.file 3 "d:\\programming\\cypress\\psoc creator\\4.0\\psoc creator\\import\\gnu\\arm\\4.9.3\\arm-n
 281              		.file 4 "Generated_Source\\PSoC5/cytypes.h"
 282              		.file 5 "Generated_Source\\PSoC5/core_cm3.h"
 283              		.file 6 "Generated_Source\\PSoC5/LCD.h"
 284              		.file 7 "Generated_Source\\PSoC5/CyLib.h"
 285              		.file 8 "d:\\programming\\cypress\\psoc creator\\4.0\\psoc creator\\import\\gnu\\arm\\4.9.3\\arm-n
 286              		.section	.debug_info,"",%progbits
 287              	.Ldebug_info0:
 288 0000 DB040000 		.4byte	0x4db
 289 0004 0400     		.2byte	0x4
 290 0006 00000000 		.4byte	.Ldebug_abbrev0
 291 000a 04       		.byte	0x4
 292 000b 01       		.uleb128 0x1
 293 000c 21010000 		.4byte	.LASF44
 294 0010 01       		.byte	0x1
 295 0011 00000000 		.4byte	.LASF45
 296 0015 FE010000 		.4byte	.LASF46
 297 0019 00000000 		.4byte	.Ldebug_ranges0+0
 298 001d 00000000 		.4byte	0
 299 0021 00000000 		.4byte	.Ldebug_line0
 300 0025 02       		.uleb128 0x2
 301 0026 01       		.byte	0x1
 302 0027 06       		.byte	0x6
 303 0028 CC020000 		.4byte	.LASF0
 304 002c 03       		.uleb128 0x3
 305 002d 0E000000 		.4byte	.LASF3
 306 0031 02       		.byte	0x2
 307 0032 1D       		.byte	0x1d
 308 0033 37000000 		.4byte	0x37
 309 0037 02       		.uleb128 0x2
 310 0038 01       		.byte	0x1
 311 0039 08       		.byte	0x8
 312 003a 81000000 		.4byte	.LASF1
 313 003e 02       		.uleb128 0x2
 314 003f 02       		.byte	0x2
 315 0040 05       		.byte	0x5
 316 0041 88020000 		.4byte	.LASF2
 317 0045 03       		.uleb128 0x3
 318 0046 92020000 		.4byte	.LASF4
 319 004a 02       		.byte	0x2
 320 004b 2B       		.byte	0x2b
 321 004c 50000000 		.4byte	0x50
ARM GAS  D:\Windows\AppData\Local\Temp\ccl8MM4e.s 			page 8


 322 0050 02       		.uleb128 0x2
 323 0051 02       		.byte	0x2
 324 0052 07       		.byte	0x7
 325 0053 C3000000 		.4byte	.LASF5
 326 0057 03       		.uleb128 0x3
 327 0058 46000000 		.4byte	.LASF6
 328 005c 02       		.byte	0x2
 329 005d 3F       		.byte	0x3f
 330 005e 62000000 		.4byte	0x62
 331 0062 02       		.uleb128 0x2
 332 0063 04       		.byte	0x4
 333 0064 05       		.byte	0x5
 334 0065 B7020000 		.4byte	.LASF7
 335 0069 03       		.uleb128 0x3
 336 006a FF000000 		.4byte	.LASF8
 337 006e 02       		.byte	0x2
 338 006f 41       		.byte	0x41
 339 0070 74000000 		.4byte	0x74
 340 0074 02       		.uleb128 0x2
 341 0075 04       		.byte	0x4
 342 0076 07       		.byte	0x7
 343 0077 A8000000 		.4byte	.LASF9
 344 007b 02       		.uleb128 0x2
 345 007c 08       		.byte	0x8
 346 007d 05       		.byte	0x5
 347 007e 58020000 		.4byte	.LASF10
 348 0082 02       		.uleb128 0x2
 349 0083 08       		.byte	0x8
 350 0084 07       		.byte	0x7
 351 0085 BC010000 		.4byte	.LASF11
 352 0089 04       		.uleb128 0x4
 353 008a 04       		.byte	0x4
 354 008b 05       		.byte	0x5
 355 008c 696E7400 		.ascii	"int\000"
 356 0090 02       		.uleb128 0x2
 357 0091 04       		.byte	0x4
 358 0092 07       		.byte	0x7
 359 0093 AF010000 		.4byte	.LASF12
 360 0097 03       		.uleb128 0x3
 361 0098 D3010000 		.4byte	.LASF13
 362 009c 03       		.byte	0x3
 363 009d 15       		.byte	0x15
 364 009e 2C000000 		.4byte	0x2c
 365 00a2 03       		.uleb128 0x3
 366 00a3 9D020000 		.4byte	.LASF14
 367 00a7 03       		.byte	0x3
 368 00a8 21       		.byte	0x21
 369 00a9 45000000 		.4byte	0x45
 370 00ad 03       		.uleb128 0x3
 371 00ae 47020000 		.4byte	.LASF15
 372 00b2 03       		.byte	0x3
 373 00b3 2C       		.byte	0x2c
 374 00b4 57000000 		.4byte	0x57
 375 00b8 03       		.uleb128 0x3
 376 00b9 AE020000 		.4byte	.LASF16
 377 00bd 03       		.byte	0x3
 378 00be 2D       		.byte	0x2d
ARM GAS  D:\Windows\AppData\Local\Temp\ccl8MM4e.s 			page 9


 379 00bf 69000000 		.4byte	0x69
 380 00c3 05       		.uleb128 0x5
 381 00c4 57000000 		.4byte	.LASF17
 382 00c8 04       		.byte	0x4
 383 00c9 9201     		.2byte	0x192
 384 00cb 37000000 		.4byte	0x37
 385 00cf 05       		.uleb128 0x5
 386 00d0 1A010000 		.4byte	.LASF18
 387 00d4 04       		.byte	0x4
 388 00d5 9401     		.2byte	0x194
 389 00d7 74000000 		.4byte	0x74
 390 00db 02       		.uleb128 0x2
 391 00dc 04       		.byte	0x4
 392 00dd 04       		.byte	0x4
 393 00de 35000000 		.4byte	.LASF19
 394 00e2 02       		.uleb128 0x2
 395 00e3 08       		.byte	0x8
 396 00e4 04       		.byte	0x4
 397 00e5 50000000 		.4byte	.LASF20
 398 00e9 05       		.uleb128 0x5
 399 00ea 9D000000 		.4byte	.LASF21
 400 00ee 04       		.byte	0x4
 401 00ef A301     		.2byte	0x1a3
 402 00f1 F5000000 		.4byte	0xf5
 403 00f5 02       		.uleb128 0x2
 404 00f6 01       		.byte	0x1
 405 00f7 08       		.byte	0x8
 406 00f8 66020000 		.4byte	.LASF22
 407 00fc 02       		.uleb128 0x2
 408 00fd 04       		.byte	0x4
 409 00fe 07       		.byte	0x7
 410 00ff 4F020000 		.4byte	.LASF23
 411 0103 06       		.uleb128 0x6
 412 0104 04       		.byte	0x4
 413 0105 F5000000 		.4byte	0xf5
 414 0109 06       		.uleb128 0x6
 415 010a 04       		.byte	0x4
 416 010b 0F010000 		.4byte	0x10f
 417 010f 07       		.uleb128 0x7
 418 0110 F5000000 		.4byte	0xf5
 419 0114 08       		.uleb128 0x8
 420 0115 BA000000 		.4byte	.LASF26
 421 0119 01       		.byte	0x1
 422 011a 07       		.byte	0x7
 423 011b 00000000 		.4byte	.LFB63
 424 011f 4C000000 		.4byte	.LFE63-.LFB63
 425 0123 01       		.uleb128 0x1
 426 0124 9C       		.byte	0x9c
 427 0125 A0010000 		.4byte	0x1a0
 428 0129 09       		.uleb128 0x9
 429 012a 5D000000 		.4byte	.LASF24
 430 012e 01       		.byte	0x1
 431 012f 09       		.byte	0x9
 432 0130 A0010000 		.4byte	0x1a0
 433 0134 02       		.uleb128 0x2
 434 0135 91       		.byte	0x91
 435 0136 60       		.sleb128 -32
ARM GAS  D:\Windows\AppData\Local\Temp\ccl8MM4e.s 			page 10


 436 0137 09       		.uleb128 0x9
 437 0138 64000000 		.4byte	.LASF25
 438 013c 01       		.byte	0x1
 439 013d 0A       		.byte	0xa
 440 013e B0010000 		.4byte	0x1b0
 441 0142 02       		.uleb128 0x2
 442 0143 91       		.byte	0x91
 443 0144 4C       		.sleb128 -52
 444 0145 0A       		.uleb128 0xa
 445 0146 08000000 		.4byte	.LVL0
 446 014a 5B040000 		.4byte	0x45b
 447 014e 0B       		.uleb128 0xb
 448 014f 2A000000 		.4byte	.LVL1
 449 0153 62040000 		.4byte	0x462
 450 0157 62010000 		.4byte	0x162
 451 015b 0C       		.uleb128 0xc
 452 015c 01       		.uleb128 0x1
 453 015d 50       		.byte	0x50
 454 015e 02       		.uleb128 0x2
 455 015f 91       		.byte	0x91
 456 0160 60       		.sleb128 -32
 457 0161 00       		.byte	0
 458 0162 0B       		.uleb128 0xb
 459 0163 32000000 		.4byte	.LVL2
 460 0167 7E040000 		.4byte	0x47e
 461 016b 7A010000 		.4byte	0x17a
 462 016f 0C       		.uleb128 0xc
 463 0170 01       		.uleb128 0x1
 464 0171 51       		.byte	0x51
 465 0172 01       		.uleb128 0x1
 466 0173 30       		.byte	0x30
 467 0174 0C       		.uleb128 0xc
 468 0175 01       		.uleb128 0x1
 469 0176 50       		.byte	0x50
 470 0177 01       		.uleb128 0x1
 471 0178 31       		.byte	0x31
 472 0179 00       		.byte	0
 473 017a 0B       		.uleb128 0xb
 474 017b 38000000 		.4byte	.LVL3
 475 017f 62040000 		.4byte	0x462
 476 0183 8E010000 		.4byte	0x18e
 477 0187 0C       		.uleb128 0xc
 478 0188 01       		.uleb128 0x1
 479 0189 50       		.byte	0x50
 480 018a 02       		.uleb128 0x2
 481 018b 74       		.byte	0x74
 482 018c 70       		.sleb128 -16
 483 018d 00       		.byte	0
 484 018e 0D       		.uleb128 0xd
 485 018f 40000000 		.4byte	.LVL4
 486 0193 94040000 		.4byte	0x494
 487 0197 0C       		.uleb128 0xc
 488 0198 01       		.uleb128 0x1
 489 0199 50       		.byte	0x50
 490 019a 03       		.uleb128 0x3
 491 019b 0A       		.byte	0xa
 492 019c B80B     		.2byte	0xbb8
ARM GAS  D:\Windows\AppData\Local\Temp\ccl8MM4e.s 			page 11


 493 019e 00       		.byte	0
 494 019f 00       		.byte	0
 495 01a0 0E       		.uleb128 0xe
 496 01a1 E9000000 		.4byte	0xe9
 497 01a5 B0010000 		.4byte	0x1b0
 498 01a9 0F       		.uleb128 0xf
 499 01aa FC000000 		.4byte	0xfc
 500 01ae 0E       		.byte	0xe
 501 01af 00       		.byte	0
 502 01b0 0E       		.uleb128 0xe
 503 01b1 E9000000 		.4byte	0xe9
 504 01b5 C0010000 		.4byte	0x1c0
 505 01b9 0F       		.uleb128 0xf
 506 01ba FC000000 		.4byte	0xfc
 507 01be 10       		.byte	0x10
 508 01bf 00       		.byte	0
 509 01c0 08       		.uleb128 0x8
 510 01c1 8F000000 		.4byte	.LASF27
 511 01c5 01       		.byte	0x1
 512 01c6 11       		.byte	0x11
 513 01c7 00000000 		.4byte	.LFB64
 514 01cb 48000000 		.4byte	.LFE64-.LFB64
 515 01cf 01       		.uleb128 0x1
 516 01d0 9C       		.byte	0x9c
 517 01d1 59020000 		.4byte	0x259
 518 01d5 09       		.uleb128 0x9
 519 01d6 FA000000 		.4byte	.LASF28
 520 01da 01       		.byte	0x1
 521 01db 12       		.byte	0x12
 522 01dc 59020000 		.4byte	0x259
 523 01e0 02       		.uleb128 0x2
 524 01e1 91       		.byte	0x91
 525 01e2 64       		.sleb128 -28
 526 01e3 09       		.uleb128 0x9
 527 01e4 A3000000 		.4byte	.LASF29
 528 01e8 01       		.byte	0x1
 529 01e9 13       		.byte	0x13
 530 01ea B0010000 		.4byte	0x1b0
 531 01ee 02       		.uleb128 0x2
 532 01ef 91       		.byte	0x91
 533 01f0 50       		.sleb128 -48
 534 01f1 0B       		.uleb128 0xb
 535 01f2 20000000 		.4byte	.LVL5
 536 01f6 A5040000 		.4byte	0x4a5
 537 01fa 04020000 		.4byte	0x204
 538 01fe 0C       		.uleb128 0xc
 539 01ff 01       		.uleb128 0x1
 540 0200 50       		.byte	0x50
 541 0201 01       		.uleb128 0x1
 542 0202 31       		.byte	0x31
 543 0203 00       		.byte	0
 544 0204 0B       		.uleb128 0xb
 545 0205 28000000 		.4byte	.LVL6
 546 0209 7E040000 		.4byte	0x47e
 547 020d 1C020000 		.4byte	0x21c
 548 0211 0C       		.uleb128 0xc
 549 0212 01       		.uleb128 0x1
ARM GAS  D:\Windows\AppData\Local\Temp\ccl8MM4e.s 			page 12


 550 0213 51       		.byte	0x51
 551 0214 01       		.uleb128 0x1
 552 0215 30       		.byte	0x30
 553 0216 0C       		.uleb128 0xc
 554 0217 01       		.uleb128 0x1
 555 0218 50       		.byte	0x50
 556 0219 01       		.uleb128 0x1
 557 021a 30       		.byte	0x30
 558 021b 00       		.byte	0
 559 021c 0B       		.uleb128 0xb
 560 021d 2E000000 		.4byte	.LVL7
 561 0221 62040000 		.4byte	0x462
 562 0225 30020000 		.4byte	0x230
 563 0229 0C       		.uleb128 0xc
 564 022a 01       		.uleb128 0x1
 565 022b 50       		.byte	0x50
 566 022c 02       		.uleb128 0x2
 567 022d 91       		.byte	0x91
 568 022e 64       		.sleb128 -28
 569 022f 00       		.byte	0
 570 0230 0B       		.uleb128 0xb
 571 0231 36000000 		.4byte	.LVL8
 572 0235 7E040000 		.4byte	0x47e
 573 0239 48020000 		.4byte	0x248
 574 023d 0C       		.uleb128 0xc
 575 023e 01       		.uleb128 0x1
 576 023f 51       		.byte	0x51
 577 0240 01       		.uleb128 0x1
 578 0241 30       		.byte	0x30
 579 0242 0C       		.uleb128 0xc
 580 0243 01       		.uleb128 0x1
 581 0244 50       		.byte	0x50
 582 0245 01       		.uleb128 0x1
 583 0246 31       		.byte	0x31
 584 0247 00       		.byte	0
 585 0248 0D       		.uleb128 0xd
 586 0249 3C000000 		.4byte	.LVL9
 587 024d 62040000 		.4byte	0x462
 588 0251 0C       		.uleb128 0xc
 589 0252 01       		.uleb128 0x1
 590 0253 50       		.byte	0x50
 591 0254 02       		.uleb128 0x2
 592 0255 7D       		.byte	0x7d
 593 0256 00       		.sleb128 0
 594 0257 00       		.byte	0
 595 0258 00       		.byte	0
 596 0259 0E       		.uleb128 0xe
 597 025a E9000000 		.4byte	0xe9
 598 025e 69020000 		.4byte	0x269
 599 0262 0F       		.uleb128 0xf
 600 0263 FC000000 		.4byte	0xfc
 601 0267 09       		.byte	0x9
 602 0268 00       		.byte	0
 603 0269 08       		.uleb128 0x8
 604 026a EB000000 		.4byte	.LASF30
 605 026e 01       		.byte	0x1
 606 026f 1D       		.byte	0x1d
ARM GAS  D:\Windows\AppData\Local\Temp\ccl8MM4e.s 			page 13


 607 0270 00000000 		.4byte	.LFB65
 608 0274 5C000000 		.4byte	.LFE65-.LFB65
 609 0278 01       		.uleb128 0x1
 610 0279 9C       		.byte	0x9c
 611 027a B8030000 		.4byte	0x3b8
 612 027e 10       		.uleb128 0x10
 613 027f E8010000 		.4byte	.LASF31
 614 0283 01       		.byte	0x1
 615 0284 1E       		.byte	0x1e
 616 0285 C8030000 		.4byte	0x3c8
 617 0289 10       		.uleb128 0x10
 618 028a 71020000 		.4byte	.LASF32
 619 028e 01       		.byte	0x1
 620 028f 1F       		.byte	0x1f
 621 0290 CD030000 		.4byte	0x3cd
 622 0294 11       		.uleb128 0x11
 623 0295 D6000000 		.4byte	.LASF33
 624 0299 01       		.byte	0x1
 625 029a 2A       		.byte	0x2a
 626 029b B8000000 		.4byte	0xb8
 627 029f 75740100 		.4byte	0x17475
 628 02a3 09       		.uleb128 0x9
 629 02a4 C0020000 		.4byte	.LASF34
 630 02a8 01       		.byte	0x1
 631 02a9 2B       		.byte	0x2b
 632 02aa DD030000 		.4byte	0x3dd
 633 02ae 02       		.uleb128 0x2
 634 02af 91       		.byte	0x91
 635 02b0 70       		.sleb128 -16
 636 02b1 12       		.uleb128 0x12
 637 02b2 6B000000 		.4byte	.LASF35
 638 02b6 01       		.byte	0x1
 639 02b7 31       		.byte	0x31
 640 02b8 97000000 		.4byte	0x97
 641 02bc 24       		.byte	0x24
 642 02bd 13       		.uleb128 0x13
 643 02be A6020000 		.4byte	.LASF36
 644 02c2 01       		.byte	0x1
 645 02c3 36       		.byte	0x36
 646 02c4 A2000000 		.4byte	0xa2
 647 02c8 2301     		.2byte	0x123
 648 02ca 09       		.uleb128 0x9
 649 02cb 18000000 		.4byte	.LASF37
 650 02cf 01       		.byte	0x1
 651 02d0 37       		.byte	0x37
 652 02d1 ED030000 		.4byte	0x3ed
 653 02d5 02       		.uleb128 0x2
 654 02d6 91       		.byte	0x91
 655 02d7 6C       		.sleb128 -20
 656 02d8 0B       		.uleb128 0xb
 657 02d9 0A000000 		.4byte	.LVL10
 658 02dd A5040000 		.4byte	0x4a5
 659 02e1 EB020000 		.4byte	0x2eb
 660 02e5 0C       		.uleb128 0xc
 661 02e6 01       		.uleb128 0x1
 662 02e7 50       		.byte	0x50
 663 02e8 01       		.uleb128 0x1
ARM GAS  D:\Windows\AppData\Local\Temp\ccl8MM4e.s 			page 14


 664 02e9 31       		.byte	0x31
 665 02ea 00       		.byte	0
 666 02eb 0B       		.uleb128 0xb
 667 02ec 12000000 		.4byte	.LVL11
 668 02f0 7E040000 		.4byte	0x47e
 669 02f4 03030000 		.4byte	0x303
 670 02f8 0C       		.uleb128 0xc
 671 02f9 01       		.uleb128 0x1
 672 02fa 51       		.byte	0x51
 673 02fb 01       		.uleb128 0x1
 674 02fc 33       		.byte	0x33
 675 02fd 0C       		.uleb128 0xc
 676 02fe 01       		.uleb128 0x1
 677 02ff 50       		.byte	0x50
 678 0300 01       		.uleb128 0x1
 679 0301 30       		.byte	0x30
 680 0302 00       		.byte	0
 681 0303 0B       		.uleb128 0xb
 682 0304 1E000000 		.4byte	.LVL12
 683 0308 B6040000 		.4byte	0x4b6
 684 030c 2B030000 		.4byte	0x32b
 685 0310 0C       		.uleb128 0xc
 686 0311 01       		.uleb128 0x1
 687 0312 53       		.byte	0x53
 688 0313 01       		.uleb128 0x1
 689 0314 33       		.byte	0x33
 690 0315 0C       		.uleb128 0xc
 691 0316 01       		.uleb128 0x1
 692 0317 52       		.byte	0x52
 693 0318 02       		.uleb128 0x2
 694 0319 08       		.byte	0x8
 695 031a 5F       		.byte	0x5f
 696 031b 0C       		.uleb128 0xc
 697 031c 01       		.uleb128 0x1
 698 031d 51       		.byte	0x51
 699 031e 05       		.uleb128 0x5
 700 031f 03       		.byte	0x3
 701 0320 44000000 		.4byte	.LC4
 702 0324 0C       		.uleb128 0xc
 703 0325 01       		.uleb128 0x1
 704 0326 50       		.byte	0x50
 705 0327 02       		.uleb128 0x2
 706 0328 91       		.byte	0x91
 707 0329 70       		.sleb128 -16
 708 032a 00       		.byte	0
 709 032b 0B       		.uleb128 0xb
 710 032c 24000000 		.4byte	.LVL13
 711 0330 62040000 		.4byte	0x462
 712 0334 3F030000 		.4byte	0x33f
 713 0338 0C       		.uleb128 0xc
 714 0339 01       		.uleb128 0x1
 715 033a 50       		.byte	0x50
 716 033b 02       		.uleb128 0x2
 717 033c 91       		.byte	0x91
 718 033d 70       		.sleb128 -16
 719 033e 00       		.byte	0
 720 033f 0B       		.uleb128 0xb
ARM GAS  D:\Windows\AppData\Local\Temp\ccl8MM4e.s 			page 15


 721 0340 2C000000 		.4byte	.LVL14
 722 0344 7E040000 		.4byte	0x47e
 723 0348 57030000 		.4byte	0x357
 724 034c 0C       		.uleb128 0xc
 725 034d 01       		.uleb128 0x1
 726 034e 51       		.byte	0x51
 727 034f 01       		.uleb128 0x1
 728 0350 3D       		.byte	0x3d
 729 0351 0C       		.uleb128 0xc
 730 0352 01       		.uleb128 0x1
 731 0353 50       		.byte	0x50
 732 0354 01       		.uleb128 0x1
 733 0355 31       		.byte	0x31
 734 0356 00       		.byte	0
 735 0357 0B       		.uleb128 0xb
 736 0358 32000000 		.4byte	.LVL15
 737 035c D1040000 		.4byte	0x4d1
 738 0360 6B030000 		.4byte	0x36b
 739 0364 0C       		.uleb128 0xc
 740 0365 01       		.uleb128 0x1
 741 0366 50       		.byte	0x50
 742 0367 02       		.uleb128 0x2
 743 0368 08       		.byte	0x8
 744 0369 24       		.byte	0x24
 745 036a 00       		.byte	0
 746 036b 0B       		.uleb128 0xb
 747 036c 3E000000 		.4byte	.LVL16
 748 0370 B6040000 		.4byte	0x4b6
 749 0374 8F030000 		.4byte	0x38f
 750 0378 0C       		.uleb128 0xc
 751 0379 01       		.uleb128 0x1
 752 037a 52       		.byte	0x52
 753 037b 03       		.uleb128 0x3
 754 037c 0A       		.byte	0xa
 755 037d 2301     		.2byte	0x123
 756 037f 0C       		.uleb128 0xc
 757 0380 01       		.uleb128 0x1
 758 0381 51       		.byte	0x51
 759 0382 05       		.uleb128 0x5
 760 0383 03       		.byte	0x3
 761 0384 50000000 		.4byte	.LC5
 762 0388 0C       		.uleb128 0xc
 763 0389 01       		.uleb128 0x1
 764 038a 50       		.byte	0x50
 765 038b 02       		.uleb128 0x2
 766 038c 91       		.byte	0x91
 767 038d 6C       		.sleb128 -20
 768 038e 00       		.byte	0
 769 038f 0B       		.uleb128 0xb
 770 0390 46000000 		.4byte	.LVL17
 771 0394 7E040000 		.4byte	0x47e
 772 0398 A7030000 		.4byte	0x3a7
 773 039c 0C       		.uleb128 0xc
 774 039d 01       		.uleb128 0x1
 775 039e 51       		.byte	0x51
 776 039f 01       		.uleb128 0x1
 777 03a0 33       		.byte	0x33
ARM GAS  D:\Windows\AppData\Local\Temp\ccl8MM4e.s 			page 16


 778 03a1 0C       		.uleb128 0xc
 779 03a2 01       		.uleb128 0x1
 780 03a3 50       		.byte	0x50
 781 03a4 01       		.uleb128 0x1
 782 03a5 31       		.byte	0x31
 783 03a6 00       		.byte	0
 784 03a7 0D       		.uleb128 0xd
 785 03a8 4C000000 		.4byte	.LVL18
 786 03ac 62040000 		.4byte	0x462
 787 03b0 0C       		.uleb128 0xc
 788 03b1 01       		.uleb128 0x1
 789 03b2 50       		.byte	0x50
 790 03b3 02       		.uleb128 0x2
 791 03b4 91       		.byte	0x91
 792 03b5 6C       		.sleb128 -20
 793 03b6 00       		.byte	0
 794 03b7 00       		.byte	0
 795 03b8 0E       		.uleb128 0xe
 796 03b9 E9000000 		.4byte	0xe9
 797 03bd C8030000 		.4byte	0x3c8
 798 03c1 0F       		.uleb128 0xf
 799 03c2 FC000000 		.4byte	0xfc
 800 03c6 0F       		.byte	0xf
 801 03c7 00       		.byte	0
 802 03c8 07       		.uleb128 0x7
 803 03c9 B8030000 		.4byte	0x3b8
 804 03cd 0E       		.uleb128 0xe
 805 03ce E9000000 		.4byte	0xe9
 806 03d2 DD030000 		.4byte	0x3dd
 807 03d6 0F       		.uleb128 0xf
 808 03d7 FC000000 		.4byte	0xfc
 809 03db 1F       		.byte	0x1f
 810 03dc 00       		.byte	0
 811 03dd 0E       		.uleb128 0xe
 812 03de E9000000 		.4byte	0xe9
 813 03e2 ED030000 		.4byte	0x3ed
 814 03e6 0F       		.uleb128 0xf
 815 03e7 FC000000 		.4byte	0xfc
 816 03eb 04       		.byte	0x4
 817 03ec 00       		.byte	0
 818 03ed 0E       		.uleb128 0xe
 819 03ee E9000000 		.4byte	0xe9
 820 03f2 FD030000 		.4byte	0x3fd
 821 03f6 0F       		.uleb128 0xf
 822 03f7 FC000000 		.4byte	0xfc
 823 03fb 02       		.byte	0x2
 824 03fc 00       		.byte	0
 825 03fd 14       		.uleb128 0x14
 826 03fe F4010000 		.4byte	.LASF47
 827 0402 01       		.byte	0x1
 828 0403 3D       		.byte	0x3d
 829 0404 00000000 		.4byte	.LFB66
 830 0408 08000000 		.4byte	.LFE66-.LFB66
 831 040c 01       		.uleb128 0x1
 832 040d 9C       		.byte	0x9c
 833 040e 33040000 		.4byte	0x433
 834 0412 15       		.uleb128 0x15
ARM GAS  D:\Windows\AppData\Local\Temp\ccl8MM4e.s 			page 17


 835 0413 3B000000 		.4byte	.LASF48
 836 0417 01       		.byte	0x1
 837 0418 3D       		.byte	0x3d
 838 0419 33040000 		.4byte	0x433
 839 041d 00000000 		.4byte	.LLST0
 840 0421 0D       		.uleb128 0xd
 841 0422 06000000 		.4byte	.LVL20
 842 0426 62040000 		.4byte	0x462
 843 042a 0C       		.uleb128 0xc
 844 042b 01       		.uleb128 0x1
 845 042c 50       		.byte	0x50
 846 042d 03       		.uleb128 0x3
 847 042e F3       		.byte	0xf3
 848 042f 01       		.uleb128 0x1
 849 0430 50       		.byte	0x50
 850 0431 00       		.byte	0
 851 0432 00       		.byte	0
 852 0433 06       		.uleb128 0x6
 853 0434 04       		.byte	0x4
 854 0435 E9000000 		.4byte	0xe9
 855 0439 16       		.uleb128 0x16
 856 043a DE000000 		.4byte	.LASF38
 857 043e 05       		.byte	0x5
 858 043f 9606     		.2byte	0x696
 859 0441 45040000 		.4byte	0x445
 860 0445 17       		.uleb128 0x17
 861 0446 AD000000 		.4byte	0xad
 862 044a 18       		.uleb128 0x18
 863 044b 6B020000 		.4byte	.LASF39
 864 044f 01       		.byte	0x1
 865 0450 05       		.byte	0x5
 866 0451 89000000 		.4byte	0x89
 867 0455 05       		.uleb128 0x5
 868 0456 03       		.byte	0x3
 869 0457 00000000 		.4byte	count
 870 045b 19       		.uleb128 0x19
 871 045c 77000000 		.4byte	.LASF49
 872 0460 06       		.byte	0x6
 873 0461 38       		.byte	0x38
 874 0462 1A       		.uleb128 0x1a
 875 0463 0A010000 		.4byte	.LASF40
 876 0467 06       		.byte	0x6
 877 0468 3C       		.byte	0x3c
 878 0469 73040000 		.4byte	0x473
 879 046d 1B       		.uleb128 0x1b
 880 046e 73040000 		.4byte	0x473
 881 0472 00       		.byte	0
 882 0473 06       		.uleb128 0x6
 883 0474 04       		.byte	0x4
 884 0475 79040000 		.4byte	0x479
 885 0479 07       		.uleb128 0x7
 886 047a E9000000 		.4byte	0xe9
 887 047e 1A       		.uleb128 0x1a
 888 047f DB010000 		.4byte	.LASF41
 889 0483 06       		.byte	0x6
 890 0484 3D       		.byte	0x3d
 891 0485 94040000 		.4byte	0x494
ARM GAS  D:\Windows\AppData\Local\Temp\ccl8MM4e.s 			page 18


 892 0489 1B       		.uleb128 0x1b
 893 048a C3000000 		.4byte	0xc3
 894 048e 1B       		.uleb128 0x1b
 895 048f C3000000 		.4byte	0xc3
 896 0493 00       		.byte	0
 897 0494 1A       		.uleb128 0x1a
 898 0495 E0020000 		.4byte	.LASF42
 899 0499 07       		.byte	0x7
 900 049a 76       		.byte	0x76
 901 049b A5040000 		.4byte	0x4a5
 902 049f 1B       		.uleb128 0x1b
 903 04a0 CF000000 		.4byte	0xcf
 904 04a4 00       		.byte	0
 905 04a5 1A       		.uleb128 0x1a
 906 04a6 24000000 		.4byte	.LASF43
 907 04aa 06       		.byte	0x6
 908 04ab 3A       		.byte	0x3a
 909 04ac B6040000 		.4byte	0x4b6
 910 04b0 1B       		.uleb128 0x1b
 911 04b1 C3000000 		.4byte	0xc3
 912 04b5 00       		.byte	0
 913 04b6 1C       		.uleb128 0x1c
 914 04b7 D8020000 		.4byte	.LASF50
 915 04bb 08       		.byte	0x8
 916 04bc DE       		.byte	0xde
 917 04bd 89000000 		.4byte	0x89
 918 04c1 D1040000 		.4byte	0x4d1
 919 04c5 1B       		.uleb128 0x1b
 920 04c6 03010000 		.4byte	0x103
 921 04ca 1B       		.uleb128 0x1b
 922 04cb 09010000 		.4byte	0x109
 923 04cf 1D       		.uleb128 0x1d
 924 04d0 00       		.byte	0
 925 04d1 1E       		.uleb128 0x1e
 926 04d2 7A020000 		.4byte	.LASF51
 927 04d6 06       		.byte	0x6
 928 04d7 5D       		.byte	0x5d
 929 04d8 1B       		.uleb128 0x1b
 930 04d9 C3000000 		.4byte	0xc3
 931 04dd 00       		.byte	0
 932 04de 00       		.byte	0
 933              		.section	.debug_abbrev,"",%progbits
 934              	.Ldebug_abbrev0:
 935 0000 01       		.uleb128 0x1
 936 0001 11       		.uleb128 0x11
 937 0002 01       		.byte	0x1
 938 0003 25       		.uleb128 0x25
 939 0004 0E       		.uleb128 0xe
 940 0005 13       		.uleb128 0x13
 941 0006 0B       		.uleb128 0xb
 942 0007 03       		.uleb128 0x3
 943 0008 0E       		.uleb128 0xe
 944 0009 1B       		.uleb128 0x1b
 945 000a 0E       		.uleb128 0xe
 946 000b 55       		.uleb128 0x55
 947 000c 17       		.uleb128 0x17
 948 000d 11       		.uleb128 0x11
ARM GAS  D:\Windows\AppData\Local\Temp\ccl8MM4e.s 			page 19


 949 000e 01       		.uleb128 0x1
 950 000f 10       		.uleb128 0x10
 951 0010 17       		.uleb128 0x17
 952 0011 00       		.byte	0
 953 0012 00       		.byte	0
 954 0013 02       		.uleb128 0x2
 955 0014 24       		.uleb128 0x24
 956 0015 00       		.byte	0
 957 0016 0B       		.uleb128 0xb
 958 0017 0B       		.uleb128 0xb
 959 0018 3E       		.uleb128 0x3e
 960 0019 0B       		.uleb128 0xb
 961 001a 03       		.uleb128 0x3
 962 001b 0E       		.uleb128 0xe
 963 001c 00       		.byte	0
 964 001d 00       		.byte	0
 965 001e 03       		.uleb128 0x3
 966 001f 16       		.uleb128 0x16
 967 0020 00       		.byte	0
 968 0021 03       		.uleb128 0x3
 969 0022 0E       		.uleb128 0xe
 970 0023 3A       		.uleb128 0x3a
 971 0024 0B       		.uleb128 0xb
 972 0025 3B       		.uleb128 0x3b
 973 0026 0B       		.uleb128 0xb
 974 0027 49       		.uleb128 0x49
 975 0028 13       		.uleb128 0x13
 976 0029 00       		.byte	0
 977 002a 00       		.byte	0
 978 002b 04       		.uleb128 0x4
 979 002c 24       		.uleb128 0x24
 980 002d 00       		.byte	0
 981 002e 0B       		.uleb128 0xb
 982 002f 0B       		.uleb128 0xb
 983 0030 3E       		.uleb128 0x3e
 984 0031 0B       		.uleb128 0xb
 985 0032 03       		.uleb128 0x3
 986 0033 08       		.uleb128 0x8
 987 0034 00       		.byte	0
 988 0035 00       		.byte	0
 989 0036 05       		.uleb128 0x5
 990 0037 16       		.uleb128 0x16
 991 0038 00       		.byte	0
 992 0039 03       		.uleb128 0x3
 993 003a 0E       		.uleb128 0xe
 994 003b 3A       		.uleb128 0x3a
 995 003c 0B       		.uleb128 0xb
 996 003d 3B       		.uleb128 0x3b
 997 003e 05       		.uleb128 0x5
 998 003f 49       		.uleb128 0x49
 999 0040 13       		.uleb128 0x13
 1000 0041 00       		.byte	0
 1001 0042 00       		.byte	0
 1002 0043 06       		.uleb128 0x6
 1003 0044 0F       		.uleb128 0xf
 1004 0045 00       		.byte	0
 1005 0046 0B       		.uleb128 0xb
ARM GAS  D:\Windows\AppData\Local\Temp\ccl8MM4e.s 			page 20


 1006 0047 0B       		.uleb128 0xb
 1007 0048 49       		.uleb128 0x49
 1008 0049 13       		.uleb128 0x13
 1009 004a 00       		.byte	0
 1010 004b 00       		.byte	0
 1011 004c 07       		.uleb128 0x7
 1012 004d 26       		.uleb128 0x26
 1013 004e 00       		.byte	0
 1014 004f 49       		.uleb128 0x49
 1015 0050 13       		.uleb128 0x13
 1016 0051 00       		.byte	0
 1017 0052 00       		.byte	0
 1018 0053 08       		.uleb128 0x8
 1019 0054 2E       		.uleb128 0x2e
 1020 0055 01       		.byte	0x1
 1021 0056 3F       		.uleb128 0x3f
 1022 0057 19       		.uleb128 0x19
 1023 0058 03       		.uleb128 0x3
 1024 0059 0E       		.uleb128 0xe
 1025 005a 3A       		.uleb128 0x3a
 1026 005b 0B       		.uleb128 0xb
 1027 005c 3B       		.uleb128 0x3b
 1028 005d 0B       		.uleb128 0xb
 1029 005e 11       		.uleb128 0x11
 1030 005f 01       		.uleb128 0x1
 1031 0060 12       		.uleb128 0x12
 1032 0061 06       		.uleb128 0x6
 1033 0062 40       		.uleb128 0x40
 1034 0063 18       		.uleb128 0x18
 1035 0064 9742     		.uleb128 0x2117
 1036 0066 19       		.uleb128 0x19
 1037 0067 01       		.uleb128 0x1
 1038 0068 13       		.uleb128 0x13
 1039 0069 00       		.byte	0
 1040 006a 00       		.byte	0
 1041 006b 09       		.uleb128 0x9
 1042 006c 34       		.uleb128 0x34
 1043 006d 00       		.byte	0
 1044 006e 03       		.uleb128 0x3
 1045 006f 0E       		.uleb128 0xe
 1046 0070 3A       		.uleb128 0x3a
 1047 0071 0B       		.uleb128 0xb
 1048 0072 3B       		.uleb128 0x3b
 1049 0073 0B       		.uleb128 0xb
 1050 0074 49       		.uleb128 0x49
 1051 0075 13       		.uleb128 0x13
 1052 0076 02       		.uleb128 0x2
 1053 0077 18       		.uleb128 0x18
 1054 0078 00       		.byte	0
 1055 0079 00       		.byte	0
 1056 007a 0A       		.uleb128 0xa
 1057 007b 898201   		.uleb128 0x4109
 1058 007e 00       		.byte	0
 1059 007f 11       		.uleb128 0x11
 1060 0080 01       		.uleb128 0x1
 1061 0081 31       		.uleb128 0x31
 1062 0082 13       		.uleb128 0x13
ARM GAS  D:\Windows\AppData\Local\Temp\ccl8MM4e.s 			page 21


 1063 0083 00       		.byte	0
 1064 0084 00       		.byte	0
 1065 0085 0B       		.uleb128 0xb
 1066 0086 898201   		.uleb128 0x4109
 1067 0089 01       		.byte	0x1
 1068 008a 11       		.uleb128 0x11
 1069 008b 01       		.uleb128 0x1
 1070 008c 31       		.uleb128 0x31
 1071 008d 13       		.uleb128 0x13
 1072 008e 01       		.uleb128 0x1
 1073 008f 13       		.uleb128 0x13
 1074 0090 00       		.byte	0
 1075 0091 00       		.byte	0
 1076 0092 0C       		.uleb128 0xc
 1077 0093 8A8201   		.uleb128 0x410a
 1078 0096 00       		.byte	0
 1079 0097 02       		.uleb128 0x2
 1080 0098 18       		.uleb128 0x18
 1081 0099 9142     		.uleb128 0x2111
 1082 009b 18       		.uleb128 0x18
 1083 009c 00       		.byte	0
 1084 009d 00       		.byte	0
 1085 009e 0D       		.uleb128 0xd
 1086 009f 898201   		.uleb128 0x4109
 1087 00a2 01       		.byte	0x1
 1088 00a3 11       		.uleb128 0x11
 1089 00a4 01       		.uleb128 0x1
 1090 00a5 31       		.uleb128 0x31
 1091 00a6 13       		.uleb128 0x13
 1092 00a7 00       		.byte	0
 1093 00a8 00       		.byte	0
 1094 00a9 0E       		.uleb128 0xe
 1095 00aa 01       		.uleb128 0x1
 1096 00ab 01       		.byte	0x1
 1097 00ac 49       		.uleb128 0x49
 1098 00ad 13       		.uleb128 0x13
 1099 00ae 01       		.uleb128 0x1
 1100 00af 13       		.uleb128 0x13
 1101 00b0 00       		.byte	0
 1102 00b1 00       		.byte	0
 1103 00b2 0F       		.uleb128 0xf
 1104 00b3 21       		.uleb128 0x21
 1105 00b4 00       		.byte	0
 1106 00b5 49       		.uleb128 0x49
 1107 00b6 13       		.uleb128 0x13
 1108 00b7 2F       		.uleb128 0x2f
 1109 00b8 0B       		.uleb128 0xb
 1110 00b9 00       		.byte	0
 1111 00ba 00       		.byte	0
 1112 00bb 10       		.uleb128 0x10
 1113 00bc 34       		.uleb128 0x34
 1114 00bd 00       		.byte	0
 1115 00be 03       		.uleb128 0x3
 1116 00bf 0E       		.uleb128 0xe
 1117 00c0 3A       		.uleb128 0x3a
 1118 00c1 0B       		.uleb128 0xb
 1119 00c2 3B       		.uleb128 0x3b
ARM GAS  D:\Windows\AppData\Local\Temp\ccl8MM4e.s 			page 22


 1120 00c3 0B       		.uleb128 0xb
 1121 00c4 49       		.uleb128 0x49
 1122 00c5 13       		.uleb128 0x13
 1123 00c6 00       		.byte	0
 1124 00c7 00       		.byte	0
 1125 00c8 11       		.uleb128 0x11
 1126 00c9 34       		.uleb128 0x34
 1127 00ca 00       		.byte	0
 1128 00cb 03       		.uleb128 0x3
 1129 00cc 0E       		.uleb128 0xe
 1130 00cd 3A       		.uleb128 0x3a
 1131 00ce 0B       		.uleb128 0xb
 1132 00cf 3B       		.uleb128 0x3b
 1133 00d0 0B       		.uleb128 0xb
 1134 00d1 49       		.uleb128 0x49
 1135 00d2 13       		.uleb128 0x13
 1136 00d3 1C       		.uleb128 0x1c
 1137 00d4 06       		.uleb128 0x6
 1138 00d5 00       		.byte	0
 1139 00d6 00       		.byte	0
 1140 00d7 12       		.uleb128 0x12
 1141 00d8 34       		.uleb128 0x34
 1142 00d9 00       		.byte	0
 1143 00da 03       		.uleb128 0x3
 1144 00db 0E       		.uleb128 0xe
 1145 00dc 3A       		.uleb128 0x3a
 1146 00dd 0B       		.uleb128 0xb
 1147 00de 3B       		.uleb128 0x3b
 1148 00df 0B       		.uleb128 0xb
 1149 00e0 49       		.uleb128 0x49
 1150 00e1 13       		.uleb128 0x13
 1151 00e2 1C       		.uleb128 0x1c
 1152 00e3 0B       		.uleb128 0xb
 1153 00e4 00       		.byte	0
 1154 00e5 00       		.byte	0
 1155 00e6 13       		.uleb128 0x13
 1156 00e7 34       		.uleb128 0x34
 1157 00e8 00       		.byte	0
 1158 00e9 03       		.uleb128 0x3
 1159 00ea 0E       		.uleb128 0xe
 1160 00eb 3A       		.uleb128 0x3a
 1161 00ec 0B       		.uleb128 0xb
 1162 00ed 3B       		.uleb128 0x3b
 1163 00ee 0B       		.uleb128 0xb
 1164 00ef 49       		.uleb128 0x49
 1165 00f0 13       		.uleb128 0x13
 1166 00f1 1C       		.uleb128 0x1c
 1167 00f2 05       		.uleb128 0x5
 1168 00f3 00       		.byte	0
 1169 00f4 00       		.byte	0
 1170 00f5 14       		.uleb128 0x14
 1171 00f6 2E       		.uleb128 0x2e
 1172 00f7 01       		.byte	0x1
 1173 00f8 3F       		.uleb128 0x3f
 1174 00f9 19       		.uleb128 0x19
 1175 00fa 03       		.uleb128 0x3
 1176 00fb 0E       		.uleb128 0xe
ARM GAS  D:\Windows\AppData\Local\Temp\ccl8MM4e.s 			page 23


 1177 00fc 3A       		.uleb128 0x3a
 1178 00fd 0B       		.uleb128 0xb
 1179 00fe 3B       		.uleb128 0x3b
 1180 00ff 0B       		.uleb128 0xb
 1181 0100 27       		.uleb128 0x27
 1182 0101 19       		.uleb128 0x19
 1183 0102 11       		.uleb128 0x11
 1184 0103 01       		.uleb128 0x1
 1185 0104 12       		.uleb128 0x12
 1186 0105 06       		.uleb128 0x6
 1187 0106 40       		.uleb128 0x40
 1188 0107 18       		.uleb128 0x18
 1189 0108 9742     		.uleb128 0x2117
 1190 010a 19       		.uleb128 0x19
 1191 010b 01       		.uleb128 0x1
 1192 010c 13       		.uleb128 0x13
 1193 010d 00       		.byte	0
 1194 010e 00       		.byte	0
 1195 010f 15       		.uleb128 0x15
 1196 0110 05       		.uleb128 0x5
 1197 0111 00       		.byte	0
 1198 0112 03       		.uleb128 0x3
 1199 0113 0E       		.uleb128 0xe
 1200 0114 3A       		.uleb128 0x3a
 1201 0115 0B       		.uleb128 0xb
 1202 0116 3B       		.uleb128 0x3b
 1203 0117 0B       		.uleb128 0xb
 1204 0118 49       		.uleb128 0x49
 1205 0119 13       		.uleb128 0x13
 1206 011a 02       		.uleb128 0x2
 1207 011b 17       		.uleb128 0x17
 1208 011c 00       		.byte	0
 1209 011d 00       		.byte	0
 1210 011e 16       		.uleb128 0x16
 1211 011f 34       		.uleb128 0x34
 1212 0120 00       		.byte	0
 1213 0121 03       		.uleb128 0x3
 1214 0122 0E       		.uleb128 0xe
 1215 0123 3A       		.uleb128 0x3a
 1216 0124 0B       		.uleb128 0xb
 1217 0125 3B       		.uleb128 0x3b
 1218 0126 05       		.uleb128 0x5
 1219 0127 49       		.uleb128 0x49
 1220 0128 13       		.uleb128 0x13
 1221 0129 3F       		.uleb128 0x3f
 1222 012a 19       		.uleb128 0x19
 1223 012b 3C       		.uleb128 0x3c
 1224 012c 19       		.uleb128 0x19
 1225 012d 00       		.byte	0
 1226 012e 00       		.byte	0
 1227 012f 17       		.uleb128 0x17
 1228 0130 35       		.uleb128 0x35
 1229 0131 00       		.byte	0
 1230 0132 49       		.uleb128 0x49
 1231 0133 13       		.uleb128 0x13
 1232 0134 00       		.byte	0
 1233 0135 00       		.byte	0
ARM GAS  D:\Windows\AppData\Local\Temp\ccl8MM4e.s 			page 24


 1234 0136 18       		.uleb128 0x18
 1235 0137 34       		.uleb128 0x34
 1236 0138 00       		.byte	0
 1237 0139 03       		.uleb128 0x3
 1238 013a 0E       		.uleb128 0xe
 1239 013b 3A       		.uleb128 0x3a
 1240 013c 0B       		.uleb128 0xb
 1241 013d 3B       		.uleb128 0x3b
 1242 013e 0B       		.uleb128 0xb
 1243 013f 49       		.uleb128 0x49
 1244 0140 13       		.uleb128 0x13
 1245 0141 3F       		.uleb128 0x3f
 1246 0142 19       		.uleb128 0x19
 1247 0143 02       		.uleb128 0x2
 1248 0144 18       		.uleb128 0x18
 1249 0145 00       		.byte	0
 1250 0146 00       		.byte	0
 1251 0147 19       		.uleb128 0x19
 1252 0148 2E       		.uleb128 0x2e
 1253 0149 00       		.byte	0
 1254 014a 3F       		.uleb128 0x3f
 1255 014b 19       		.uleb128 0x19
 1256 014c 03       		.uleb128 0x3
 1257 014d 0E       		.uleb128 0xe
 1258 014e 3A       		.uleb128 0x3a
 1259 014f 0B       		.uleb128 0xb
 1260 0150 3B       		.uleb128 0x3b
 1261 0151 0B       		.uleb128 0xb
 1262 0152 27       		.uleb128 0x27
 1263 0153 19       		.uleb128 0x19
 1264 0154 3C       		.uleb128 0x3c
 1265 0155 19       		.uleb128 0x19
 1266 0156 00       		.byte	0
 1267 0157 00       		.byte	0
 1268 0158 1A       		.uleb128 0x1a
 1269 0159 2E       		.uleb128 0x2e
 1270 015a 01       		.byte	0x1
 1271 015b 3F       		.uleb128 0x3f
 1272 015c 19       		.uleb128 0x19
 1273 015d 03       		.uleb128 0x3
 1274 015e 0E       		.uleb128 0xe
 1275 015f 3A       		.uleb128 0x3a
 1276 0160 0B       		.uleb128 0xb
 1277 0161 3B       		.uleb128 0x3b
 1278 0162 0B       		.uleb128 0xb
 1279 0163 27       		.uleb128 0x27
 1280 0164 19       		.uleb128 0x19
 1281 0165 3C       		.uleb128 0x3c
 1282 0166 19       		.uleb128 0x19
 1283 0167 01       		.uleb128 0x1
 1284 0168 13       		.uleb128 0x13
 1285 0169 00       		.byte	0
 1286 016a 00       		.byte	0
 1287 016b 1B       		.uleb128 0x1b
 1288 016c 05       		.uleb128 0x5
 1289 016d 00       		.byte	0
 1290 016e 49       		.uleb128 0x49
ARM GAS  D:\Windows\AppData\Local\Temp\ccl8MM4e.s 			page 25


 1291 016f 13       		.uleb128 0x13
 1292 0170 00       		.byte	0
 1293 0171 00       		.byte	0
 1294 0172 1C       		.uleb128 0x1c
 1295 0173 2E       		.uleb128 0x2e
 1296 0174 01       		.byte	0x1
 1297 0175 3F       		.uleb128 0x3f
 1298 0176 19       		.uleb128 0x19
 1299 0177 03       		.uleb128 0x3
 1300 0178 0E       		.uleb128 0xe
 1301 0179 3A       		.uleb128 0x3a
 1302 017a 0B       		.uleb128 0xb
 1303 017b 3B       		.uleb128 0x3b
 1304 017c 0B       		.uleb128 0xb
 1305 017d 27       		.uleb128 0x27
 1306 017e 19       		.uleb128 0x19
 1307 017f 49       		.uleb128 0x49
 1308 0180 13       		.uleb128 0x13
 1309 0181 3C       		.uleb128 0x3c
 1310 0182 19       		.uleb128 0x19
 1311 0183 01       		.uleb128 0x1
 1312 0184 13       		.uleb128 0x13
 1313 0185 00       		.byte	0
 1314 0186 00       		.byte	0
 1315 0187 1D       		.uleb128 0x1d
 1316 0188 18       		.uleb128 0x18
 1317 0189 00       		.byte	0
 1318 018a 00       		.byte	0
 1319 018b 00       		.byte	0
 1320 018c 1E       		.uleb128 0x1e
 1321 018d 2E       		.uleb128 0x2e
 1322 018e 01       		.byte	0x1
 1323 018f 3F       		.uleb128 0x3f
 1324 0190 19       		.uleb128 0x19
 1325 0191 03       		.uleb128 0x3
 1326 0192 0E       		.uleb128 0xe
 1327 0193 3A       		.uleb128 0x3a
 1328 0194 0B       		.uleb128 0xb
 1329 0195 3B       		.uleb128 0x3b
 1330 0196 0B       		.uleb128 0xb
 1331 0197 27       		.uleb128 0x27
 1332 0198 19       		.uleb128 0x19
 1333 0199 3C       		.uleb128 0x3c
 1334 019a 19       		.uleb128 0x19
 1335 019b 00       		.byte	0
 1336 019c 00       		.byte	0
 1337 019d 00       		.byte	0
 1338              		.section	.debug_loc,"",%progbits
 1339              	.Ldebug_loc0:
 1340              	.LLST0:
 1341 0000 00000000 		.4byte	.LVL19
 1342 0004 05000000 		.4byte	.LVL20-1
 1343 0008 0100     		.2byte	0x1
 1344 000a 50       		.byte	0x50
 1345 000b 05000000 		.4byte	.LVL20-1
 1346 000f 08000000 		.4byte	.LFE66
 1347 0013 0400     		.2byte	0x4
ARM GAS  D:\Windows\AppData\Local\Temp\ccl8MM4e.s 			page 26


 1348 0015 F3       		.byte	0xf3
 1349 0016 01       		.uleb128 0x1
 1350 0017 50       		.byte	0x50
 1351 0018 9F       		.byte	0x9f
 1352 0019 00000000 		.4byte	0
 1353 001d 00000000 		.4byte	0
 1354              		.section	.debug_aranges,"",%progbits
 1355 0000 34000000 		.4byte	0x34
 1356 0004 0200     		.2byte	0x2
 1357 0006 00000000 		.4byte	.Ldebug_info0
 1358 000a 04       		.byte	0x4
 1359 000b 00       		.byte	0
 1360 000c 0000     		.2byte	0
 1361 000e 0000     		.2byte	0
 1362 0010 00000000 		.4byte	.LFB63
 1363 0014 4C000000 		.4byte	.LFE63-.LFB63
 1364 0018 00000000 		.4byte	.LFB64
 1365 001c 48000000 		.4byte	.LFE64-.LFB64
 1366 0020 00000000 		.4byte	.LFB65
 1367 0024 5C000000 		.4byte	.LFE65-.LFB65
 1368 0028 00000000 		.4byte	.LFB66
 1369 002c 08000000 		.4byte	.LFE66-.LFB66
 1370 0030 00000000 		.4byte	0
 1371 0034 00000000 		.4byte	0
 1372              		.section	.debug_ranges,"",%progbits
 1373              	.Ldebug_ranges0:
 1374 0000 00000000 		.4byte	.LFB63
 1375 0004 4C000000 		.4byte	.LFE63
 1376 0008 00000000 		.4byte	.LFB64
 1377 000c 48000000 		.4byte	.LFE64
 1378 0010 00000000 		.4byte	.LFB65
 1379 0014 5C000000 		.4byte	.LFE65
 1380 0018 00000000 		.4byte	.LFB66
 1381 001c 08000000 		.4byte	.LFE66
 1382 0020 00000000 		.4byte	0
 1383 0024 00000000 		.4byte	0
 1384              		.section	.debug_line,"",%progbits
 1385              	.Ldebug_line0:
 1386 0000 BA010000 		.section	.debug_str,"MS",%progbits,1
 1386      02005D01 
 1386      00000201 
 1386      FB0E0D00 
 1386      01010101 
 1387              	.LASF45:
 1388 0000 6C63645F 		.ascii	"lcd_manager.c\000"
 1388      6D616E61 
 1388      6765722E 
 1388      6300
 1389              	.LASF3:
 1390 000e 5F5F7569 		.ascii	"__uint8_t\000"
 1390      6E74385F 
 1390      7400
 1391              	.LASF37:
 1392 0018 63757272 		.ascii	"curr_string\000"
 1392      5F737472 
 1392      696E6700 
 1393              	.LASF43:
ARM GAS  D:\Windows\AppData\Local\Temp\ccl8MM4e.s 			page 27


 1394 0024 4C43445F 		.ascii	"LCD_WriteControl\000"
 1394      57726974 
 1394      65436F6E 
 1394      74726F6C 
 1394      00
 1395              	.LASF19:
 1396 0035 666C6F61 		.ascii	"float\000"
 1396      7400
 1397              	.LASF48:
 1398 003b 73747269 		.ascii	"string_val\000"
 1398      6E675F76 
 1398      616C00
 1399              	.LASF6:
 1400 0046 5F5F696E 		.ascii	"__int32_t\000"
 1400      7433325F 
 1400      7400
 1401              	.LASF20:
 1402 0050 646F7562 		.ascii	"double\000"
 1402      6C6500
 1403              	.LASF17:
 1404 0057 75696E74 		.ascii	"uint8\000"
 1404      3800
 1405              	.LASF24:
 1406 005d 696E7472 		.ascii	"intro1\000"
 1406      6F3100
 1407              	.LASF25:
 1408 0064 696E7472 		.ascii	"intro2\000"
 1408      6F3200
 1409              	.LASF35:
 1410 006b 74656D70 		.ascii	"temperature\000"
 1410      65726174 
 1410      75726500 
 1411              	.LASF49:
 1412 0077 4C43445F 		.ascii	"LCD_Start\000"
 1412      53746172 
 1412      7400
 1413              	.LASF1:
 1414 0081 756E7369 		.ascii	"unsigned char\000"
 1414      676E6564 
 1414      20636861 
 1414      7200
 1415              	.LASF27:
 1416 008f 6C63645F 		.ascii	"lcd_print_bms\000"
 1416      7072696E 
 1416      745F626D 
 1416      7300
 1417              	.LASF21:
 1418 009d 63686172 		.ascii	"char8\000"
 1418      3800
 1419              	.LASF29:
 1420 00a3 424D5332 		.ascii	"BMS2\000"
 1420      00
 1421              	.LASF9:
 1422 00a8 6C6F6E67 		.ascii	"long unsigned int\000"
 1422      20756E73 
 1422      69676E65 
 1422      6420696E 
ARM GAS  D:\Windows\AppData\Local\Temp\ccl8MM4e.s 			page 28


 1422      7400
 1423              	.LASF26:
 1424 00ba 6C63645F 		.ascii	"lcd_init\000"
 1424      696E6974 
 1424      00
 1425              	.LASF5:
 1426 00c3 73686F72 		.ascii	"short unsigned int\000"
 1426      7420756E 
 1426      7369676E 
 1426      65642069 
 1426      6E7400
 1427              	.LASF33:
 1428 00d6 766F6C74 		.ascii	"voltage\000"
 1428      61676500 
 1429              	.LASF38:
 1430 00de 49544D5F 		.ascii	"ITM_RxBuffer\000"
 1430      52784275 
 1430      66666572 
 1430      00
 1431              	.LASF30:
 1432 00eb 6C63645F 		.ascii	"lcd_test_print\000"
 1432      74657374 
 1432      5F707269 
 1432      6E7400
 1433              	.LASF28:
 1434 00fa 424D5331 		.ascii	"BMS1\000"
 1434      00
 1435              	.LASF8:
 1436 00ff 5F5F7569 		.ascii	"__uint32_t\000"
 1436      6E743332 
 1436      5F7400
 1437              	.LASF40:
 1438 010a 4C43445F 		.ascii	"LCD_PrintString\000"
 1438      5072696E 
 1438      74537472 
 1438      696E6700 
 1439              	.LASF18:
 1440 011a 75696E74 		.ascii	"uint32\000"
 1440      333200
 1441              	.LASF44:
 1442 0121 474E5520 		.ascii	"GNU C 4.9.3 20150303 (release) [ARM/embedded-4_9-br"
 1442      4320342E 
 1442      392E3320 
 1442      32303135 
 1442      30333033 
 1443 0154 616E6368 		.ascii	"anch revision 221220] -mcpu=cortex-m3 -mthumb -g -O"
 1443      20726576 
 1443      6973696F 
 1443      6E203232 
 1443      31323230 
 1444 0187 67202D66 		.ascii	"g -ffunction-sections -ffat-lto-objects\000"
 1444      66756E63 
 1444      74696F6E 
 1444      2D736563 
 1444      74696F6E 
 1445              	.LASF12:
 1446 01af 756E7369 		.ascii	"unsigned int\000"
ARM GAS  D:\Windows\AppData\Local\Temp\ccl8MM4e.s 			page 29


 1446      676E6564 
 1446      20696E74 
 1446      00
 1447              	.LASF11:
 1448 01bc 6C6F6E67 		.ascii	"long long unsigned int\000"
 1448      206C6F6E 
 1448      6720756E 
 1448      7369676E 
 1448      65642069 
 1449              	.LASF13:
 1450 01d3 75696E74 		.ascii	"uint8_t\000"
 1450      385F7400 
 1451              	.LASF41:
 1452 01db 4C43445F 		.ascii	"LCD_Position\000"
 1452      506F7369 
 1452      74696F6E 
 1452      00
 1453              	.LASF31:
 1454 01e8 74657374 		.ascii	"test_string\000"
 1454      5F737472 
 1454      696E6700 
 1455              	.LASF47:
 1456 01f4 6C63645F 		.ascii	"lcd_print\000"
 1456      7072696E 
 1456      7400
 1457              	.LASF46:
 1458 01fe 443A5C44 		.ascii	"D:\\Downloads\\FRUCD\\Node-Rhinoceros\\Node-Rhinoce"
 1458      6F776E6C 
 1458      6F616473 
 1458      5C465255 
 1458      43445C4E 
 1459 022d 726F735C 		.ascii	"ros\\Node-Rhinoceros.cydsn\000"
 1459      4E6F6465 
 1459      2D526869 
 1459      6E6F6365 
 1459      726F732E 
 1460              	.LASF15:
 1461 0247 696E7433 		.ascii	"int32_t\000"
 1461      325F7400 
 1462              	.LASF23:
 1463 024f 73697A65 		.ascii	"sizetype\000"
 1463      74797065 
 1463      00
 1464              	.LASF10:
 1465 0258 6C6F6E67 		.ascii	"long long int\000"
 1465      206C6F6E 
 1465      6720696E 
 1465      7400
 1466              	.LASF22:
 1467 0266 63686172 		.ascii	"char\000"
 1467      00
 1468              	.LASF39:
 1469 026b 636F756E 		.ascii	"count\000"
 1469      7400
 1470              	.LASF32:
 1471 0271 74657374 		.ascii	"test_buf\000"
 1471      5F627566 
ARM GAS  D:\Windows\AppData\Local\Temp\ccl8MM4e.s 			page 30


 1471      00
 1472              	.LASF51:
 1473 027a 4C43445F 		.ascii	"LCD_PrintInt8\000"
 1473      5072696E 
 1473      74496E74 
 1473      3800
 1474              	.LASF2:
 1475 0288 73686F72 		.ascii	"short int\000"
 1475      7420696E 
 1475      7400
 1476              	.LASF4:
 1477 0292 5F5F7569 		.ascii	"__uint16_t\000"
 1477      6E743136 
 1477      5F7400
 1478              	.LASF14:
 1479 029d 75696E74 		.ascii	"uint16_t\000"
 1479      31365F74 
 1479      00
 1480              	.LASF36:
 1481 02a6 63757272 		.ascii	"current\000"
 1481      656E7400 
 1482              	.LASF16:
 1483 02ae 75696E74 		.ascii	"uint32_t\000"
 1483      33325F74 
 1483      00
 1484              	.LASF7:
 1485 02b7 6C6F6E67 		.ascii	"long int\000"
 1485      20696E74 
 1485      00
 1486              	.LASF34:
 1487 02c0 766F6C74 		.ascii	"volt_string\000"
 1487      5F737472 
 1487      696E6700 
 1488              	.LASF0:
 1489 02cc 7369676E 		.ascii	"signed char\000"
 1489      65642063 
 1489      68617200 
 1490              	.LASF50:
 1491 02d8 73707269 		.ascii	"sprintf\000"
 1491      6E746600 
 1492              	.LASF42:
 1493 02e0 43794465 		.ascii	"CyDelay\000"
 1493      6C617900 
 1494              		.ident	"GCC: (GNU Tools for ARM Embedded Processors) 4.9.3 20150303 (release) [ARM/embedded-4_9-br
