ARM GAS  D:\Windows\AppData\Local\Temp\cc47YX0v.s 			page 1


   1              		.syntax unified
   2              		.cpu cortex-m3
   3              		.fpu softvfp
   4              		.eabi_attribute 20, 1
   5              		.eabi_attribute 21, 1
   6              		.eabi_attribute 23, 3
   7              		.eabi_attribute 24, 1
   8              		.eabi_attribute 25, 1
   9              		.eabi_attribute 26, 1
  10              		.eabi_attribute 30, 1
  11              		.eabi_attribute 34, 1
  12              		.eabi_attribute 18, 4
  13              		.thumb
  14              		.file	"main.c"
  15              		.text
  16              	.Ltext0:
  17              		.cfi_sections	.debug_frame
  18              		.section	.text.main,"ax",%progbits
  19              		.align	2
  20              		.global	main
  21              		.thumb
  22              		.thumb_func
  23              		.type	main, %function
  24              	main:
  25              	.LFB63:
  26              		.file 1 "main.c"
   1:main.c        **** /* Node-Rhinoceros
   2:main.c        **** 	 Charger board FRUCD
   3:main.c        **** 	Simply prints BMS statuses to LCD
   4:main.c        ****  */
   5:main.c        **** 
   6:main.c        **** #include <project.h>
   7:main.c        **** #include "data.h"
   8:main.c        **** #include "can_manager.h"
   9:main.c        **** #include "lcd_manager.h"
  10:main.c        **** 
  11:main.c        **** 
  12:main.c        **** int main(void) {
  27              		.loc 1 12 0
  28              		.cfi_startproc
  29              		@ args = 0, pretend = 0, frame = 0
  30              		@ frame_needed = 0, uses_anonymous_args = 0
  31 0000 10B5     		push	{r4, lr}
  32              		.cfi_def_cfa_offset 8
  33              		.cfi_offset 4, -8
  34              		.cfi_offset 14, -4
  13:main.c        **** 	CYGlobalIntEnable;      //Uncomment this line to enable global interrupts 
  35              		.loc 1 13 0
  36              	@ 13 "main.c" 1
  37 0002 62B6     		CPSIE   i
  38              	@ 0 "" 2
  14:main.c        **** 
  15:main.c        **** 	uint8_t atomic_state = CyEnterCriticalSection(); // BEGIN ATOMIC
  39              		.loc 1 15 0
  40              		.thumb
  41 0004 FFF7FEFF 		bl	CyEnterCriticalSection
  42              	.LVL0:
ARM GAS  D:\Windows\AppData\Local\Temp\cc47YX0v.s 			page 2


  43 0008 0446     		mov	r4, r0
  44              	.LVL1:
  16:main.c        **** 	can_init();
  45              		.loc 1 16 0
  46 000a FFF7FEFF 		bl	can_init
  47              	.LVL2:
  17:main.c        **** 	lcd_init();
  48              		.loc 1 17 0
  49 000e FFF7FEFF 		bl	lcd_init
  50              	.LVL3:
  18:main.c        ****     lcd_print_bms();
  51              		.loc 1 18 0
  52 0012 FFF7FEFF 		bl	lcd_print_bms
  53              	.LVL4:
  19:main.c        **** 	CyDelay(10);				//give some time to finish setup
  54              		.loc 1 19 0
  55 0016 0A20     		movs	r0, #10
  56 0018 FFF7FEFF 		bl	CyDelay
  57              	.LVL5:
  20:main.c        **** 	CyExitCriticalSection(atomic_state);               // END ATOMIC
  58              		.loc 1 20 0
  59 001c 2046     		mov	r0, r4
  60 001e FFF7FEFF 		bl	CyExitCriticalSection
  61              	.LVL6:
  62              	.L2:
  21:main.c        **** 	
  22:main.c        **** 	
  23:main.c        **** 	//CyDelay(3000);
  24:main.c        **** 	
  25:main.c        **** 	for(;;)	{
  26:main.c        **** 	    //can_test_send();
  27:main.c        **** 		//can_test_receive();
  28:main.c        **** 		//lcd_test_print();
  29:main.c        **** 		//can_process_BMS_VOLT();
  30:main.c        **** 		//can_process_BMS_TEMP();
  31:main.c        **** 		//can_process_BMS_CURR();
  32:main.c        **** 		//CyDelay(1000);
  33:main.c        **** 	} // main loop
  63              		.loc 1 33 0 discriminator 1
  64 0022 FEE7     		b	.L2
  65              		.cfi_endproc
  66              	.LFE63:
  67              		.size	main, .-main
  68              		.section	.text.msg_recieve,"ax",%progbits
  69              		.align	2
  70              		.global	msg_recieve
  71              		.thumb
  72              		.thumb_func
  73              		.type	msg_recieve, %function
  74              	msg_recieve:
  75              	.LFB64:
  34:main.c        **** 
  35:main.c        **** 	return 0;
  36:main.c        **** } // main()
  37:main.c        **** 
  38:main.c        **** void msg_recieve(DataPacket * msg) {
  76              		.loc 1 38 0
ARM GAS  D:\Windows\AppData\Local\Temp\cc47YX0v.s 			page 3


  77              		.cfi_startproc
  78              		@ args = 0, pretend = 0, frame = 0
  79              		@ frame_needed = 0, uses_anonymous_args = 0
  80              	.LVL7:
  81 0000 08B5     		push	{r3, lr}
  82              		.cfi_def_cfa_offset 8
  83              		.cfi_offset 3, -8
  84              		.cfi_offset 14, -4
  39:main.c        **** 	can_process(msg);
  85              		.loc 1 39 0
  86 0002 FFF7FEFF 		bl	can_process
  87              	.LVL8:
  88 0006 08BD     		pop	{r3, pc}
  89              		.cfi_endproc
  90              	.LFE64:
  91              		.size	msg_recieve, .-msg_recieve
  92              		.text
  93              	.Letext0:
  94              		.file 2 "d:\\programming\\cypress\\psoc creator\\4.0\\psoc creator\\import\\gnu\\arm\\4.9.3\\arm-n
  95              		.file 3 "d:\\programming\\cypress\\psoc creator\\4.0\\psoc creator\\import\\gnu\\arm\\4.9.3\\arm-n
  96              		.file 4 "Generated_Source\\PSoC5/cytypes.h"
  97              		.file 5 "data.h"
  98              		.file 6 "can_manager.h"
  99              		.file 7 "lcd_manager.h"
 100              		.file 8 "Generated_Source\\PSoC5/CyLib.h"
 101              		.file 9 "Generated_Source\\PSoC5/core_cm3.h"
 102              		.section	.debug_info,"",%progbits
 103              	.Ldebug_info0:
 104 0000 67020000 		.4byte	0x267
 105 0004 0400     		.2byte	0x4
 106 0006 00000000 		.4byte	.Ldebug_abbrev0
 107 000a 04       		.byte	0x4
 108 000b 01       		.uleb128 0x1
 109 000c E5000000 		.4byte	.LASF33
 110 0010 01       		.byte	0x1
 111 0011 2E020000 		.4byte	.LASF34
 112 0015 C6010000 		.4byte	.LASF35
 113 0019 00000000 		.4byte	.Ldebug_ranges0+0
 114 001d 00000000 		.4byte	0
 115 0021 00000000 		.4byte	.Ldebug_line0
 116 0025 02       		.uleb128 0x2
 117 0026 01       		.byte	0x1
 118 0027 06       		.byte	0x6
 119 0028 6B020000 		.4byte	.LASF0
 120 002c 03       		.uleb128 0x3
 121 002d 09000000 		.4byte	.LASF3
 122 0031 02       		.byte	0x2
 123 0032 1D       		.byte	0x1d
 124 0033 37000000 		.4byte	0x37
 125 0037 02       		.uleb128 0x2
 126 0038 01       		.byte	0x1
 127 0039 08       		.byte	0x8
 128 003a 54000000 		.4byte	.LASF1
 129 003e 02       		.uleb128 0x2
 130 003f 02       		.byte	0x2
 131 0040 05       		.byte	0x5
 132 0041 D4000000 		.4byte	.LASF2
ARM GAS  D:\Windows\AppData\Local\Temp\cc47YX0v.s 			page 4


 133 0045 03       		.uleb128 0x3
 134 0046 C2000000 		.4byte	.LASF4
 135 004a 02       		.byte	0x2
 136 004b 2B       		.byte	0x2b
 137 004c 50000000 		.4byte	0x50
 138 0050 02       		.uleb128 0x2
 139 0051 02       		.byte	0x2
 140 0052 07       		.byte	0x7
 141 0053 96000000 		.4byte	.LASF5
 142 0057 03       		.uleb128 0x3
 143 0058 13000000 		.4byte	.LASF6
 144 005c 02       		.byte	0x2
 145 005d 3F       		.byte	0x3f
 146 005e 62000000 		.4byte	0x62
 147 0062 02       		.uleb128 0x2
 148 0063 04       		.byte	0x4
 149 0064 05       		.byte	0x5
 150 0065 62020000 		.4byte	.LASF7
 151 0069 03       		.uleb128 0x3
 152 006a 70000000 		.4byte	.LASF8
 153 006e 02       		.byte	0x2
 154 006f 41       		.byte	0x41
 155 0070 74000000 		.4byte	0x74
 156 0074 02       		.uleb128 0x2
 157 0075 04       		.byte	0x4
 158 0076 07       		.byte	0x7
 159 0077 7B000000 		.4byte	.LASF9
 160 007b 02       		.uleb128 0x2
 161 007c 08       		.byte	0x8
 162 007d 05       		.byte	0x5
 163 007e 20020000 		.4byte	.LASF10
 164 0082 02       		.uleb128 0x2
 165 0083 08       		.byte	0x8
 166 0084 07       		.byte	0x7
 167 0085 A2010000 		.4byte	.LASF11
 168 0089 04       		.uleb128 0x4
 169 008a 04       		.byte	0x4
 170 008b 05       		.byte	0x5
 171 008c 696E7400 		.ascii	"int\000"
 172 0090 02       		.uleb128 0x2
 173 0091 04       		.byte	0x4
 174 0092 07       		.byte	0x7
 175 0093 8A010000 		.4byte	.LASF12
 176 0097 03       		.uleb128 0x3
 177 0098 B9010000 		.4byte	.LASF13
 178 009c 03       		.byte	0x3
 179 009d 15       		.byte	0x15
 180 009e 2C000000 		.4byte	0x2c
 181 00a2 03       		.uleb128 0x3
 182 00a3 3A020000 		.4byte	.LASF14
 183 00a7 03       		.byte	0x3
 184 00a8 21       		.byte	0x21
 185 00a9 45000000 		.4byte	0x45
 186 00ad 03       		.uleb128 0x3
 187 00ae 0F020000 		.4byte	.LASF15
 188 00b2 03       		.byte	0x3
 189 00b3 2C       		.byte	0x2c
ARM GAS  D:\Windows\AppData\Local\Temp\cc47YX0v.s 			page 5


 190 00b4 57000000 		.4byte	0x57
 191 00b8 03       		.uleb128 0x3
 192 00b9 59020000 		.4byte	.LASF16
 193 00bd 03       		.byte	0x3
 194 00be 2D       		.byte	0x2d
 195 00bf 69000000 		.4byte	0x69
 196 00c3 05       		.uleb128 0x5
 197 00c4 4E000000 		.4byte	.LASF17
 198 00c8 04       		.byte	0x4
 199 00c9 9201     		.2byte	0x192
 200 00cb 37000000 		.4byte	0x37
 201 00cf 05       		.uleb128 0x5
 202 00d0 DE000000 		.4byte	.LASF18
 203 00d4 04       		.byte	0x4
 204 00d5 9401     		.2byte	0x194
 205 00d7 74000000 		.4byte	0x74
 206 00db 02       		.uleb128 0x2
 207 00dc 04       		.byte	0x4
 208 00dd 04       		.byte	0x4
 209 00de 43000000 		.4byte	.LASF19
 210 00e2 02       		.uleb128 0x2
 211 00e3 08       		.byte	0x8
 212 00e4 04       		.byte	0x4
 213 00e5 CD000000 		.4byte	.LASF20
 214 00e9 02       		.uleb128 0x2
 215 00ea 01       		.byte	0x1
 216 00eb 08       		.byte	0x8
 217 00ec 35020000 		.4byte	.LASF21
 218 00f0 02       		.uleb128 0x2
 219 00f1 04       		.byte	0x4
 220 00f2 07       		.byte	0x7
 221 00f3 17020000 		.4byte	.LASF22
 222 00f7 06       		.uleb128 0x6
 223 00f8 10       		.byte	0x10
 224 00f9 05       		.byte	0x5
 225 00fa 08       		.byte	0x8
 226 00fb 2F010000 		.4byte	0x12f
 227 00ff 07       		.uleb128 0x7
 228 0100 36000000 		.4byte	.LASF23
 229 0104 05       		.byte	0x5
 230 0105 09       		.byte	0x9
 231 0106 B8000000 		.4byte	0xb8
 232 010a 00       		.byte	0
 233 010b 08       		.uleb128 0x8
 234 010c 696400   		.ascii	"id\000"
 235 010f 05       		.byte	0x5
 236 0110 0A       		.byte	0xa
 237 0111 A2000000 		.4byte	0xa2
 238 0115 04       		.byte	0x4
 239 0116 07       		.uleb128 0x7
 240 0117 77020000 		.4byte	.LASF24
 241 011b 05       		.byte	0x5
 242 011c 0B       		.byte	0xb
 243 011d 97000000 		.4byte	0x97
 244 0121 06       		.byte	0x6
 245 0122 07       		.uleb128 0x7
 246 0123 49000000 		.4byte	.LASF25
ARM GAS  D:\Windows\AppData\Local\Temp\cc47YX0v.s 			page 6


 247 0127 05       		.byte	0x5
 248 0128 0C       		.byte	0xc
 249 0129 2F010000 		.4byte	0x12f
 250 012d 07       		.byte	0x7
 251 012e 00       		.byte	0
 252 012f 09       		.uleb128 0x9
 253 0130 97000000 		.4byte	0x97
 254 0134 3F010000 		.4byte	0x13f
 255 0138 0A       		.uleb128 0xa
 256 0139 F0000000 		.4byte	0xf0
 257 013d 07       		.byte	0x7
 258 013e 00       		.byte	0
 259 013f 03       		.uleb128 0x3
 260 0140 97010000 		.4byte	.LASF26
 261 0144 05       		.byte	0x5
 262 0145 0D       		.byte	0xd
 263 0146 F7000000 		.4byte	0xf7
 264 014a 0B       		.uleb128 0xb
 265 014b C1010000 		.4byte	.LASF36
 266 014f 01       		.byte	0x1
 267 0150 0C       		.byte	0xc
 268 0151 89000000 		.4byte	0x89
 269 0155 00000000 		.4byte	.LFB63
 270 0159 24000000 		.4byte	.LFE63-.LFB63
 271 015d 01       		.uleb128 0x1
 272 015e 9C       		.byte	0x9c
 273 015f B8010000 		.4byte	0x1b8
 274 0163 0C       		.uleb128 0xc
 275 0164 29000000 		.4byte	.LASF37
 276 0168 01       		.byte	0x1
 277 0169 0F       		.byte	0xf
 278 016a 97000000 		.4byte	0x97
 279 016e 01       		.uleb128 0x1
 280 016f 54       		.byte	0x54
 281 0170 0D       		.uleb128 0xd
 282 0171 08000000 		.4byte	.LVL0
 283 0175 05020000 		.4byte	0x205
 284 0179 0D       		.uleb128 0xd
 285 017a 0E000000 		.4byte	.LVL2
 286 017e 10020000 		.4byte	0x210
 287 0182 0D       		.uleb128 0xd
 288 0183 12000000 		.4byte	.LVL3
 289 0187 1D020000 		.4byte	0x21d
 290 018b 0D       		.uleb128 0xd
 291 018c 16000000 		.4byte	.LVL4
 292 0190 2A020000 		.4byte	0x22a
 293 0194 0E       		.uleb128 0xe
 294 0195 1C000000 		.4byte	.LVL5
 295 0199 37020000 		.4byte	0x237
 296 019d A7010000 		.4byte	0x1a7
 297 01a1 0F       		.uleb128 0xf
 298 01a2 01       		.uleb128 0x1
 299 01a3 50       		.byte	0x50
 300 01a4 01       		.uleb128 0x1
 301 01a5 3A       		.byte	0x3a
 302 01a6 00       		.byte	0
 303 01a7 10       		.uleb128 0x10
ARM GAS  D:\Windows\AppData\Local\Temp\cc47YX0v.s 			page 7


 304 01a8 22000000 		.4byte	.LVL6
 305 01ac 48020000 		.4byte	0x248
 306 01b0 0F       		.uleb128 0xf
 307 01b1 01       		.uleb128 0x1
 308 01b2 50       		.byte	0x50
 309 01b3 02       		.uleb128 0x2
 310 01b4 74       		.byte	0x74
 311 01b5 00       		.sleb128 0
 312 01b6 00       		.byte	0
 313 01b7 00       		.byte	0
 314 01b8 11       		.uleb128 0x11
 315 01b9 1D000000 		.4byte	.LASF38
 316 01bd 01       		.byte	0x1
 317 01be 26       		.byte	0x26
 318 01bf 00000000 		.4byte	.LFB64
 319 01c3 08000000 		.4byte	.LFE64-.LFB64
 320 01c7 01       		.uleb128 0x1
 321 01c8 9C       		.byte	0x9c
 322 01c9 EE010000 		.4byte	0x1ee
 323 01cd 12       		.uleb128 0x12
 324 01ce 6D736700 		.ascii	"msg\000"
 325 01d2 01       		.byte	0x1
 326 01d3 26       		.byte	0x26
 327 01d4 EE010000 		.4byte	0x1ee
 328 01d8 00000000 		.4byte	.LLST0
 329 01dc 10       		.uleb128 0x10
 330 01dd 06000000 		.4byte	.LVL8
 331 01e1 59020000 		.4byte	0x259
 332 01e5 0F       		.uleb128 0xf
 333 01e6 01       		.uleb128 0x1
 334 01e7 50       		.byte	0x50
 335 01e8 03       		.uleb128 0x3
 336 01e9 F3       		.byte	0xf3
 337 01ea 01       		.uleb128 0x1
 338 01eb 50       		.byte	0x50
 339 01ec 00       		.byte	0
 340 01ed 00       		.byte	0
 341 01ee 13       		.uleb128 0x13
 342 01ef 04       		.byte	0x4
 343 01f0 3F010000 		.4byte	0x13f
 344 01f4 14       		.uleb128 0x14
 345 01f5 A9000000 		.4byte	.LASF39
 346 01f9 09       		.byte	0x9
 347 01fa 9606     		.2byte	0x696
 348 01fc 00020000 		.4byte	0x200
 349 0200 15       		.uleb128 0x15
 350 0201 AD000000 		.4byte	0xad
 351 0205 16       		.uleb128 0x16
 352 0206 73010000 		.4byte	.LASF40
 353 020a 08       		.byte	0x8
 354 020b 7D       		.byte	0x7d
 355 020c C3000000 		.4byte	0xc3
 356 0210 17       		.uleb128 0x17
 357 0211 00000000 		.4byte	.LASF27
 358 0215 06       		.byte	0x6
 359 0216 09       		.byte	0x9
 360 0217 1D020000 		.4byte	0x21d
ARM GAS  D:\Windows\AppData\Local\Temp\cc47YX0v.s 			page 8


 361 021b 18       		.uleb128 0x18
 362 021c 00       		.byte	0
 363 021d 17       		.uleb128 0x17
 364 021e 8D000000 		.4byte	.LASF28
 365 0222 07       		.byte	0x7
 366 0223 05       		.byte	0x5
 367 0224 2A020000 		.4byte	0x22a
 368 0228 18       		.uleb128 0x18
 369 0229 00       		.byte	0
 370 022a 17       		.uleb128 0x17
 371 022b 62000000 		.4byte	.LASF29
 372 022f 07       		.byte	0x7
 373 0230 07       		.byte	0x7
 374 0231 37020000 		.4byte	0x237
 375 0235 18       		.uleb128 0x18
 376 0236 00       		.byte	0
 377 0237 19       		.uleb128 0x19
 378 0238 7E020000 		.4byte	.LASF30
 379 023c 08       		.byte	0x8
 380 023d 76       		.byte	0x76
 381 023e 48020000 		.4byte	0x248
 382 0242 1A       		.uleb128 0x1a
 383 0243 CF000000 		.4byte	0xcf
 384 0247 00       		.byte	0
 385 0248 19       		.uleb128 0x19
 386 0249 43020000 		.4byte	.LASF31
 387 024d 08       		.byte	0x8
 388 024e 7E       		.byte	0x7e
 389 024f 59020000 		.4byte	0x259
 390 0253 1A       		.uleb128 0x1a
 391 0254 C3000000 		.4byte	0xc3
 392 0258 00       		.byte	0
 393 0259 1B       		.uleb128 0x1b
 394 025a B6000000 		.4byte	.LASF32
 395 025e 06       		.byte	0x6
 396 025f 0B       		.byte	0xb
 397 0260 89000000 		.4byte	0x89
 398 0264 1A       		.uleb128 0x1a
 399 0265 EE010000 		.4byte	0x1ee
 400 0269 00       		.byte	0
 401 026a 00       		.byte	0
 402              		.section	.debug_abbrev,"",%progbits
 403              	.Ldebug_abbrev0:
 404 0000 01       		.uleb128 0x1
 405 0001 11       		.uleb128 0x11
 406 0002 01       		.byte	0x1
 407 0003 25       		.uleb128 0x25
 408 0004 0E       		.uleb128 0xe
 409 0005 13       		.uleb128 0x13
 410 0006 0B       		.uleb128 0xb
 411 0007 03       		.uleb128 0x3
 412 0008 0E       		.uleb128 0xe
 413 0009 1B       		.uleb128 0x1b
 414 000a 0E       		.uleb128 0xe
 415 000b 55       		.uleb128 0x55
 416 000c 17       		.uleb128 0x17
 417 000d 11       		.uleb128 0x11
ARM GAS  D:\Windows\AppData\Local\Temp\cc47YX0v.s 			page 9


 418 000e 01       		.uleb128 0x1
 419 000f 10       		.uleb128 0x10
 420 0010 17       		.uleb128 0x17
 421 0011 00       		.byte	0
 422 0012 00       		.byte	0
 423 0013 02       		.uleb128 0x2
 424 0014 24       		.uleb128 0x24
 425 0015 00       		.byte	0
 426 0016 0B       		.uleb128 0xb
 427 0017 0B       		.uleb128 0xb
 428 0018 3E       		.uleb128 0x3e
 429 0019 0B       		.uleb128 0xb
 430 001a 03       		.uleb128 0x3
 431 001b 0E       		.uleb128 0xe
 432 001c 00       		.byte	0
 433 001d 00       		.byte	0
 434 001e 03       		.uleb128 0x3
 435 001f 16       		.uleb128 0x16
 436 0020 00       		.byte	0
 437 0021 03       		.uleb128 0x3
 438 0022 0E       		.uleb128 0xe
 439 0023 3A       		.uleb128 0x3a
 440 0024 0B       		.uleb128 0xb
 441 0025 3B       		.uleb128 0x3b
 442 0026 0B       		.uleb128 0xb
 443 0027 49       		.uleb128 0x49
 444 0028 13       		.uleb128 0x13
 445 0029 00       		.byte	0
 446 002a 00       		.byte	0
 447 002b 04       		.uleb128 0x4
 448 002c 24       		.uleb128 0x24
 449 002d 00       		.byte	0
 450 002e 0B       		.uleb128 0xb
 451 002f 0B       		.uleb128 0xb
 452 0030 3E       		.uleb128 0x3e
 453 0031 0B       		.uleb128 0xb
 454 0032 03       		.uleb128 0x3
 455 0033 08       		.uleb128 0x8
 456 0034 00       		.byte	0
 457 0035 00       		.byte	0
 458 0036 05       		.uleb128 0x5
 459 0037 16       		.uleb128 0x16
 460 0038 00       		.byte	0
 461 0039 03       		.uleb128 0x3
 462 003a 0E       		.uleb128 0xe
 463 003b 3A       		.uleb128 0x3a
 464 003c 0B       		.uleb128 0xb
 465 003d 3B       		.uleb128 0x3b
 466 003e 05       		.uleb128 0x5
 467 003f 49       		.uleb128 0x49
 468 0040 13       		.uleb128 0x13
 469 0041 00       		.byte	0
 470 0042 00       		.byte	0
 471 0043 06       		.uleb128 0x6
 472 0044 13       		.uleb128 0x13
 473 0045 01       		.byte	0x1
 474 0046 0B       		.uleb128 0xb
ARM GAS  D:\Windows\AppData\Local\Temp\cc47YX0v.s 			page 10


 475 0047 0B       		.uleb128 0xb
 476 0048 3A       		.uleb128 0x3a
 477 0049 0B       		.uleb128 0xb
 478 004a 3B       		.uleb128 0x3b
 479 004b 0B       		.uleb128 0xb
 480 004c 01       		.uleb128 0x1
 481 004d 13       		.uleb128 0x13
 482 004e 00       		.byte	0
 483 004f 00       		.byte	0
 484 0050 07       		.uleb128 0x7
 485 0051 0D       		.uleb128 0xd
 486 0052 00       		.byte	0
 487 0053 03       		.uleb128 0x3
 488 0054 0E       		.uleb128 0xe
 489 0055 3A       		.uleb128 0x3a
 490 0056 0B       		.uleb128 0xb
 491 0057 3B       		.uleb128 0x3b
 492 0058 0B       		.uleb128 0xb
 493 0059 49       		.uleb128 0x49
 494 005a 13       		.uleb128 0x13
 495 005b 38       		.uleb128 0x38
 496 005c 0B       		.uleb128 0xb
 497 005d 00       		.byte	0
 498 005e 00       		.byte	0
 499 005f 08       		.uleb128 0x8
 500 0060 0D       		.uleb128 0xd
 501 0061 00       		.byte	0
 502 0062 03       		.uleb128 0x3
 503 0063 08       		.uleb128 0x8
 504 0064 3A       		.uleb128 0x3a
 505 0065 0B       		.uleb128 0xb
 506 0066 3B       		.uleb128 0x3b
 507 0067 0B       		.uleb128 0xb
 508 0068 49       		.uleb128 0x49
 509 0069 13       		.uleb128 0x13
 510 006a 38       		.uleb128 0x38
 511 006b 0B       		.uleb128 0xb
 512 006c 00       		.byte	0
 513 006d 00       		.byte	0
 514 006e 09       		.uleb128 0x9
 515 006f 01       		.uleb128 0x1
 516 0070 01       		.byte	0x1
 517 0071 49       		.uleb128 0x49
 518 0072 13       		.uleb128 0x13
 519 0073 01       		.uleb128 0x1
 520 0074 13       		.uleb128 0x13
 521 0075 00       		.byte	0
 522 0076 00       		.byte	0
 523 0077 0A       		.uleb128 0xa
 524 0078 21       		.uleb128 0x21
 525 0079 00       		.byte	0
 526 007a 49       		.uleb128 0x49
 527 007b 13       		.uleb128 0x13
 528 007c 2F       		.uleb128 0x2f
 529 007d 0B       		.uleb128 0xb
 530 007e 00       		.byte	0
 531 007f 00       		.byte	0
ARM GAS  D:\Windows\AppData\Local\Temp\cc47YX0v.s 			page 11


 532 0080 0B       		.uleb128 0xb
 533 0081 2E       		.uleb128 0x2e
 534 0082 01       		.byte	0x1
 535 0083 3F       		.uleb128 0x3f
 536 0084 19       		.uleb128 0x19
 537 0085 03       		.uleb128 0x3
 538 0086 0E       		.uleb128 0xe
 539 0087 3A       		.uleb128 0x3a
 540 0088 0B       		.uleb128 0xb
 541 0089 3B       		.uleb128 0x3b
 542 008a 0B       		.uleb128 0xb
 543 008b 27       		.uleb128 0x27
 544 008c 19       		.uleb128 0x19
 545 008d 49       		.uleb128 0x49
 546 008e 13       		.uleb128 0x13
 547 008f 11       		.uleb128 0x11
 548 0090 01       		.uleb128 0x1
 549 0091 12       		.uleb128 0x12
 550 0092 06       		.uleb128 0x6
 551 0093 40       		.uleb128 0x40
 552 0094 18       		.uleb128 0x18
 553 0095 9742     		.uleb128 0x2117
 554 0097 19       		.uleb128 0x19
 555 0098 01       		.uleb128 0x1
 556 0099 13       		.uleb128 0x13
 557 009a 00       		.byte	0
 558 009b 00       		.byte	0
 559 009c 0C       		.uleb128 0xc
 560 009d 34       		.uleb128 0x34
 561 009e 00       		.byte	0
 562 009f 03       		.uleb128 0x3
 563 00a0 0E       		.uleb128 0xe
 564 00a1 3A       		.uleb128 0x3a
 565 00a2 0B       		.uleb128 0xb
 566 00a3 3B       		.uleb128 0x3b
 567 00a4 0B       		.uleb128 0xb
 568 00a5 49       		.uleb128 0x49
 569 00a6 13       		.uleb128 0x13
 570 00a7 02       		.uleb128 0x2
 571 00a8 18       		.uleb128 0x18
 572 00a9 00       		.byte	0
 573 00aa 00       		.byte	0
 574 00ab 0D       		.uleb128 0xd
 575 00ac 898201   		.uleb128 0x4109
 576 00af 00       		.byte	0
 577 00b0 11       		.uleb128 0x11
 578 00b1 01       		.uleb128 0x1
 579 00b2 31       		.uleb128 0x31
 580 00b3 13       		.uleb128 0x13
 581 00b4 00       		.byte	0
 582 00b5 00       		.byte	0
 583 00b6 0E       		.uleb128 0xe
 584 00b7 898201   		.uleb128 0x4109
 585 00ba 01       		.byte	0x1
 586 00bb 11       		.uleb128 0x11
 587 00bc 01       		.uleb128 0x1
 588 00bd 31       		.uleb128 0x31
ARM GAS  D:\Windows\AppData\Local\Temp\cc47YX0v.s 			page 12


 589 00be 13       		.uleb128 0x13
 590 00bf 01       		.uleb128 0x1
 591 00c0 13       		.uleb128 0x13
 592 00c1 00       		.byte	0
 593 00c2 00       		.byte	0
 594 00c3 0F       		.uleb128 0xf
 595 00c4 8A8201   		.uleb128 0x410a
 596 00c7 00       		.byte	0
 597 00c8 02       		.uleb128 0x2
 598 00c9 18       		.uleb128 0x18
 599 00ca 9142     		.uleb128 0x2111
 600 00cc 18       		.uleb128 0x18
 601 00cd 00       		.byte	0
 602 00ce 00       		.byte	0
 603 00cf 10       		.uleb128 0x10
 604 00d0 898201   		.uleb128 0x4109
 605 00d3 01       		.byte	0x1
 606 00d4 11       		.uleb128 0x11
 607 00d5 01       		.uleb128 0x1
 608 00d6 31       		.uleb128 0x31
 609 00d7 13       		.uleb128 0x13
 610 00d8 00       		.byte	0
 611 00d9 00       		.byte	0
 612 00da 11       		.uleb128 0x11
 613 00db 2E       		.uleb128 0x2e
 614 00dc 01       		.byte	0x1
 615 00dd 3F       		.uleb128 0x3f
 616 00de 19       		.uleb128 0x19
 617 00df 03       		.uleb128 0x3
 618 00e0 0E       		.uleb128 0xe
 619 00e1 3A       		.uleb128 0x3a
 620 00e2 0B       		.uleb128 0xb
 621 00e3 3B       		.uleb128 0x3b
 622 00e4 0B       		.uleb128 0xb
 623 00e5 27       		.uleb128 0x27
 624 00e6 19       		.uleb128 0x19
 625 00e7 11       		.uleb128 0x11
 626 00e8 01       		.uleb128 0x1
 627 00e9 12       		.uleb128 0x12
 628 00ea 06       		.uleb128 0x6
 629 00eb 40       		.uleb128 0x40
 630 00ec 18       		.uleb128 0x18
 631 00ed 9742     		.uleb128 0x2117
 632 00ef 19       		.uleb128 0x19
 633 00f0 01       		.uleb128 0x1
 634 00f1 13       		.uleb128 0x13
 635 00f2 00       		.byte	0
 636 00f3 00       		.byte	0
 637 00f4 12       		.uleb128 0x12
 638 00f5 05       		.uleb128 0x5
 639 00f6 00       		.byte	0
 640 00f7 03       		.uleb128 0x3
 641 00f8 08       		.uleb128 0x8
 642 00f9 3A       		.uleb128 0x3a
 643 00fa 0B       		.uleb128 0xb
 644 00fb 3B       		.uleb128 0x3b
 645 00fc 0B       		.uleb128 0xb
ARM GAS  D:\Windows\AppData\Local\Temp\cc47YX0v.s 			page 13


 646 00fd 49       		.uleb128 0x49
 647 00fe 13       		.uleb128 0x13
 648 00ff 02       		.uleb128 0x2
 649 0100 17       		.uleb128 0x17
 650 0101 00       		.byte	0
 651 0102 00       		.byte	0
 652 0103 13       		.uleb128 0x13
 653 0104 0F       		.uleb128 0xf
 654 0105 00       		.byte	0
 655 0106 0B       		.uleb128 0xb
 656 0107 0B       		.uleb128 0xb
 657 0108 49       		.uleb128 0x49
 658 0109 13       		.uleb128 0x13
 659 010a 00       		.byte	0
 660 010b 00       		.byte	0
 661 010c 14       		.uleb128 0x14
 662 010d 34       		.uleb128 0x34
 663 010e 00       		.byte	0
 664 010f 03       		.uleb128 0x3
 665 0110 0E       		.uleb128 0xe
 666 0111 3A       		.uleb128 0x3a
 667 0112 0B       		.uleb128 0xb
 668 0113 3B       		.uleb128 0x3b
 669 0114 05       		.uleb128 0x5
 670 0115 49       		.uleb128 0x49
 671 0116 13       		.uleb128 0x13
 672 0117 3F       		.uleb128 0x3f
 673 0118 19       		.uleb128 0x19
 674 0119 3C       		.uleb128 0x3c
 675 011a 19       		.uleb128 0x19
 676 011b 00       		.byte	0
 677 011c 00       		.byte	0
 678 011d 15       		.uleb128 0x15
 679 011e 35       		.uleb128 0x35
 680 011f 00       		.byte	0
 681 0120 49       		.uleb128 0x49
 682 0121 13       		.uleb128 0x13
 683 0122 00       		.byte	0
 684 0123 00       		.byte	0
 685 0124 16       		.uleb128 0x16
 686 0125 2E       		.uleb128 0x2e
 687 0126 00       		.byte	0
 688 0127 3F       		.uleb128 0x3f
 689 0128 19       		.uleb128 0x19
 690 0129 03       		.uleb128 0x3
 691 012a 0E       		.uleb128 0xe
 692 012b 3A       		.uleb128 0x3a
 693 012c 0B       		.uleb128 0xb
 694 012d 3B       		.uleb128 0x3b
 695 012e 0B       		.uleb128 0xb
 696 012f 27       		.uleb128 0x27
 697 0130 19       		.uleb128 0x19
 698 0131 49       		.uleb128 0x49
 699 0132 13       		.uleb128 0x13
 700 0133 3C       		.uleb128 0x3c
 701 0134 19       		.uleb128 0x19
 702 0135 00       		.byte	0
ARM GAS  D:\Windows\AppData\Local\Temp\cc47YX0v.s 			page 14


 703 0136 00       		.byte	0
 704 0137 17       		.uleb128 0x17
 705 0138 2E       		.uleb128 0x2e
 706 0139 01       		.byte	0x1
 707 013a 3F       		.uleb128 0x3f
 708 013b 19       		.uleb128 0x19
 709 013c 03       		.uleb128 0x3
 710 013d 0E       		.uleb128 0xe
 711 013e 3A       		.uleb128 0x3a
 712 013f 0B       		.uleb128 0xb
 713 0140 3B       		.uleb128 0x3b
 714 0141 0B       		.uleb128 0xb
 715 0142 3C       		.uleb128 0x3c
 716 0143 19       		.uleb128 0x19
 717 0144 01       		.uleb128 0x1
 718 0145 13       		.uleb128 0x13
 719 0146 00       		.byte	0
 720 0147 00       		.byte	0
 721 0148 18       		.uleb128 0x18
 722 0149 18       		.uleb128 0x18
 723 014a 00       		.byte	0
 724 014b 00       		.byte	0
 725 014c 00       		.byte	0
 726 014d 19       		.uleb128 0x19
 727 014e 2E       		.uleb128 0x2e
 728 014f 01       		.byte	0x1
 729 0150 3F       		.uleb128 0x3f
 730 0151 19       		.uleb128 0x19
 731 0152 03       		.uleb128 0x3
 732 0153 0E       		.uleb128 0xe
 733 0154 3A       		.uleb128 0x3a
 734 0155 0B       		.uleb128 0xb
 735 0156 3B       		.uleb128 0x3b
 736 0157 0B       		.uleb128 0xb
 737 0158 27       		.uleb128 0x27
 738 0159 19       		.uleb128 0x19
 739 015a 3C       		.uleb128 0x3c
 740 015b 19       		.uleb128 0x19
 741 015c 01       		.uleb128 0x1
 742 015d 13       		.uleb128 0x13
 743 015e 00       		.byte	0
 744 015f 00       		.byte	0
 745 0160 1A       		.uleb128 0x1a
 746 0161 05       		.uleb128 0x5
 747 0162 00       		.byte	0
 748 0163 49       		.uleb128 0x49
 749 0164 13       		.uleb128 0x13
 750 0165 00       		.byte	0
 751 0166 00       		.byte	0
 752 0167 1B       		.uleb128 0x1b
 753 0168 2E       		.uleb128 0x2e
 754 0169 01       		.byte	0x1
 755 016a 3F       		.uleb128 0x3f
 756 016b 19       		.uleb128 0x19
 757 016c 03       		.uleb128 0x3
 758 016d 0E       		.uleb128 0xe
 759 016e 3A       		.uleb128 0x3a
ARM GAS  D:\Windows\AppData\Local\Temp\cc47YX0v.s 			page 15


 760 016f 0B       		.uleb128 0xb
 761 0170 3B       		.uleb128 0x3b
 762 0171 0B       		.uleb128 0xb
 763 0172 27       		.uleb128 0x27
 764 0173 19       		.uleb128 0x19
 765 0174 49       		.uleb128 0x49
 766 0175 13       		.uleb128 0x13
 767 0176 3C       		.uleb128 0x3c
 768 0177 19       		.uleb128 0x19
 769 0178 00       		.byte	0
 770 0179 00       		.byte	0
 771 017a 00       		.byte	0
 772              		.section	.debug_loc,"",%progbits
 773              	.Ldebug_loc0:
 774              	.LLST0:
 775 0000 00000000 		.4byte	.LVL7
 776 0004 05000000 		.4byte	.LVL8-1
 777 0008 0100     		.2byte	0x1
 778 000a 50       		.byte	0x50
 779 000b 05000000 		.4byte	.LVL8-1
 780 000f 08000000 		.4byte	.LFE64
 781 0013 0400     		.2byte	0x4
 782 0015 F3       		.byte	0xf3
 783 0016 01       		.uleb128 0x1
 784 0017 50       		.byte	0x50
 785 0018 9F       		.byte	0x9f
 786 0019 00000000 		.4byte	0
 787 001d 00000000 		.4byte	0
 788              		.section	.debug_aranges,"",%progbits
 789 0000 24000000 		.4byte	0x24
 790 0004 0200     		.2byte	0x2
 791 0006 00000000 		.4byte	.Ldebug_info0
 792 000a 04       		.byte	0x4
 793 000b 00       		.byte	0
 794 000c 0000     		.2byte	0
 795 000e 0000     		.2byte	0
 796 0010 00000000 		.4byte	.LFB63
 797 0014 24000000 		.4byte	.LFE63-.LFB63
 798 0018 00000000 		.4byte	.LFB64
 799 001c 08000000 		.4byte	.LFE64-.LFB64
 800 0020 00000000 		.4byte	0
 801 0024 00000000 		.4byte	0
 802              		.section	.debug_ranges,"",%progbits
 803              	.Ldebug_ranges0:
 804 0000 00000000 		.4byte	.LFB63
 805 0004 24000000 		.4byte	.LFE63
 806 0008 00000000 		.4byte	.LFB64
 807 000c 08000000 		.4byte	.LFE64
 808 0010 00000000 		.4byte	0
 809 0014 00000000 		.4byte	0
 810              		.section	.debug_line,"",%progbits
 811              	.Ldebug_line0:
 812 0000 A1010000 		.section	.debug_str,"MS",%progbits,1
 812      02006E01 
 812      00000201 
 812      FB0E0D00 
 812      01010101 
ARM GAS  D:\Windows\AppData\Local\Temp\cc47YX0v.s 			page 16


 813              	.LASF27:
 814 0000 63616E5F 		.ascii	"can_init\000"
 814      696E6974 
 814      00
 815              	.LASF3:
 816 0009 5F5F7569 		.ascii	"__uint8_t\000"
 816      6E74385F 
 816      7400
 817              	.LASF6:
 818 0013 5F5F696E 		.ascii	"__int32_t\000"
 818      7433325F 
 818      7400
 819              	.LASF38:
 820 001d 6D73675F 		.ascii	"msg_recieve\000"
 820      72656369 
 820      65766500 
 821              	.LASF37:
 822 0029 61746F6D 		.ascii	"atomic_state\000"
 822      69635F73 
 822      74617465 
 822      00
 823              	.LASF23:
 824 0036 6D696C6C 		.ascii	"millicounter\000"
 824      69636F75 
 824      6E746572 
 824      00
 825              	.LASF19:
 826 0043 666C6F61 		.ascii	"float\000"
 826      7400
 827              	.LASF25:
 828 0049 64617461 		.ascii	"data\000"
 828      00
 829              	.LASF17:
 830 004e 75696E74 		.ascii	"uint8\000"
 830      3800
 831              	.LASF1:
 832 0054 756E7369 		.ascii	"unsigned char\000"
 832      676E6564 
 832      20636861 
 832      7200
 833              	.LASF29:
 834 0062 6C63645F 		.ascii	"lcd_print_bms\000"
 834      7072696E 
 834      745F626D 
 834      7300
 835              	.LASF8:
 836 0070 5F5F7569 		.ascii	"__uint32_t\000"
 836      6E743332 
 836      5F7400
 837              	.LASF9:
 838 007b 6C6F6E67 		.ascii	"long unsigned int\000"
 838      20756E73 
 838      69676E65 
 838      6420696E 
 838      7400
 839              	.LASF28:
 840 008d 6C63645F 		.ascii	"lcd_init\000"
ARM GAS  D:\Windows\AppData\Local\Temp\cc47YX0v.s 			page 17


 840      696E6974 
 840      00
 841              	.LASF5:
 842 0096 73686F72 		.ascii	"short unsigned int\000"
 842      7420756E 
 842      7369676E 
 842      65642069 
 842      6E7400
 843              	.LASF39:
 844 00a9 49544D5F 		.ascii	"ITM_RxBuffer\000"
 844      52784275 
 844      66666572 
 844      00
 845              	.LASF32:
 846 00b6 63616E5F 		.ascii	"can_process\000"
 846      70726F63 
 846      65737300 
 847              	.LASF4:
 848 00c2 5F5F7569 		.ascii	"__uint16_t\000"
 848      6E743136 
 848      5F7400
 849              	.LASF20:
 850 00cd 646F7562 		.ascii	"double\000"
 850      6C6500
 851              	.LASF2:
 852 00d4 73686F72 		.ascii	"short int\000"
 852      7420696E 
 852      7400
 853              	.LASF18:
 854 00de 75696E74 		.ascii	"uint32\000"
 854      333200
 855              	.LASF33:
 856 00e5 474E5520 		.ascii	"GNU C 4.9.3 20150303 (release) [ARM/embedded-4_9-br"
 856      4320342E 
 856      392E3320 
 856      32303135 
 856      30333033 
 857 0118 616E6368 		.ascii	"anch revision 221220] -mcpu=cortex-m3 -mthumb -g -O"
 857      20726576 
 857      6973696F 
 857      6E203232 
 857      31323230 
 858 014b 67202D66 		.ascii	"g -ffunction-sections -ffat-lto-objects\000"
 858      66756E63 
 858      74696F6E 
 858      2D736563 
 858      74696F6E 
 859              	.LASF40:
 860 0173 4379456E 		.ascii	"CyEnterCriticalSection\000"
 860      74657243 
 860      72697469 
 860      63616C53 
 860      65637469 
 861              	.LASF12:
 862 018a 756E7369 		.ascii	"unsigned int\000"
 862      676E6564 
 862      20696E74 
ARM GAS  D:\Windows\AppData\Local\Temp\cc47YX0v.s 			page 18


 862      00
 863              	.LASF26:
 864 0197 44617461 		.ascii	"DataPacket\000"
 864      5061636B 
 864      657400
 865              	.LASF11:
 866 01a2 6C6F6E67 		.ascii	"long long unsigned int\000"
 866      206C6F6E 
 866      6720756E 
 866      7369676E 
 866      65642069 
 867              	.LASF13:
 868 01b9 75696E74 		.ascii	"uint8_t\000"
 868      385F7400 
 869              	.LASF36:
 870 01c1 6D61696E 		.ascii	"main\000"
 870      00
 871              	.LASF35:
 872 01c6 443A5C44 		.ascii	"D:\\Downloads\\FRUCD\\Node-Rhinoceros\\Node-Rhinoce"
 872      6F776E6C 
 872      6F616473 
 872      5C465255 
 872      43445C4E 
 873 01f5 726F735C 		.ascii	"ros\\Node-Rhinoceros.cydsn\000"
 873      4E6F6465 
 873      2D526869 
 873      6E6F6365 
 873      726F732E 
 874              	.LASF15:
 875 020f 696E7433 		.ascii	"int32_t\000"
 875      325F7400 
 876              	.LASF22:
 877 0217 73697A65 		.ascii	"sizetype\000"
 877      74797065 
 877      00
 878              	.LASF10:
 879 0220 6C6F6E67 		.ascii	"long long int\000"
 879      206C6F6E 
 879      6720696E 
 879      7400
 880              	.LASF34:
 881 022e 6D61696E 		.ascii	"main.c\000"
 881      2E6300
 882              	.LASF21:
 883 0235 63686172 		.ascii	"char\000"
 883      00
 884              	.LASF14:
 885 023a 75696E74 		.ascii	"uint16_t\000"
 885      31365F74 
 885      00
 886              	.LASF31:
 887 0243 43794578 		.ascii	"CyExitCriticalSection\000"
 887      69744372 
 887      69746963 
 887      616C5365 
 887      6374696F 
 888              	.LASF16:
ARM GAS  D:\Windows\AppData\Local\Temp\cc47YX0v.s 			page 19


 889 0259 75696E74 		.ascii	"uint32_t\000"
 889      33325F74 
 889      00
 890              	.LASF7:
 891 0262 6C6F6E67 		.ascii	"long int\000"
 891      20696E74 
 891      00
 892              	.LASF0:
 893 026b 7369676E 		.ascii	"signed char\000"
 893      65642063 
 893      68617200 
 894              	.LASF24:
 895 0277 6C656E67 		.ascii	"length\000"
 895      746800
 896              	.LASF30:
 897 027e 43794465 		.ascii	"CyDelay\000"
 897      6C617900 
 898              		.ident	"GCC: (GNU Tools for ARM Embedded Processors) 4.9.3 20150303 (release) [ARM/embedded-4_9-br
